content_template_parse 2022-11-28 14:20:47,012  [INFO] {template_parse.py:157} re.compile('<li>  <a href=\\"(.*?)\\" target=\\"_blank\\" title=\\"(.*?)\\">.*?</a><span class=\\".*?\\">(.*?)</span></li>')
content_template_parse 2022-11-28 14:20:47,013  [INFO] {template_parse.py:162} re.compile('<li class=\\"line\\">  <a href=\\"(.*?)\\" target=\\"_blank\\" title=\\"(.*?)\\">.*?</a><span class=\\".*?\\">(.*?)</span></li>')
content_template_parse 2022-11-28 14:20:47,014  [INFO] {template_parse.py:167} re.compile('<script type=\\"text/javascript\\" src=\\"/xcs/xhtml/js/page\\.js\\"></script><script>window\\.onload=function\\(\\) \\{createPageHTML\\(\'page_div\',(\\d+), (\\d),\'list_gzbd\',\'shtml\',(\\d+)\\);\)
content_template_parse 2022-11-28 14:20:47,016  [INFO] {template_parse.py:177} re.compile('<p style=.*?><span style=.*?>(.*?)</span></p>')
content_template_parse 2022-11-28 14:21:55,543  [INFO] {template_parse.py:157} re.compile('<li>  <a href=\\"(.*?)\\" target=\\"_blank\\" title=\\"(.*?)\\">.*?</a><span class=\\".*?\\">(.*?)</span></li>')
content_template_parse 2022-11-28 14:21:55,544  [INFO] {template_parse.py:162} re.compile('<li class=\\"line\\">  <a href=\\"(.*?)\\" target=\\"_blank\\" title=\\"(.*?)\\">.*?</a><span class=\\".*?\\">(.*?)</span></li>')
content_template_parse 2022-11-28 14:21:55,546  [INFO] {template_parse.py:167} re.compile('<script type=\\"text/javascript\\" src=\\"/xcs/xhtml/js/page\\.js\\"></script><script>window\\.onload=function\\(\\) \\{createPageHTML\\(\'page_div\',(\\d+), (\\d),\'list_gzbd\',\'shtml\',(\\d+)\\);\)
content_template_parse 2022-11-28 14:21:55,546  [INFO] {template_parse.py:177} re.compile('<p style=.*?><span style=.*?>(.*?)</span></p>')
content_template_parse 2022-11-28 14:23:57,634  [INFO] {template_parse.py:157} re.compile('<li>  <a href=\\"(.*?)\\" target=\\"_blank\\" title=\\"(.*?)\\">.*?</a><span class=\\".*?\\">(.*?)</span></li>')
content_template_parse 2022-11-28 14:23:57,635  [INFO] {template_parse.py:162} re.compile('<li class=\\"line\\">  <a href=\\"(.*?)\\" target=\\"_blank\\" title=\\"(.*?)\\">.*?</a><span class=\\".*?\\">(.*?)</span></li>')
content_template_parse 2022-11-28 14:23:57,635  [INFO] {template_parse.py:167} re.compile('<script type=\\"text/javascript\\" src=\\"/xcs/xhtml/js/page\\.js\\"></script><script>window\\.onload=function\\(\\) \\{createPageHTML\\(\'page_div\',(\\d+), (\\d),\'list_gzbd\',\'shtml\',(\\d+)\\);\)
content_template_parse 2022-11-28 14:23:57,636  [INFO] {template_parse.py:177} re.compile('<p style=.*?><span style=.*?>(.*?)</span></p>')
content_template_parse 2022-11-28 14:24:50,589  [INFO] {template_parse.py:157} re.compile('<li>  <a href=\\"(.*?)\\" target=\\"_blank\\" title=\\"(.*?)\\">.*?</a><span class=\\".*?\\">(.*?)</span></li>')
content_template_parse 2022-11-28 14:24:50,590  [INFO] {template_parse.py:162} re.compile('<li class=\\"line\\">  <a href=\\"(.*?)\\" target=\\"_blank\\" title=\\"(.*?)\\">.*?</a><span class=\\".*?\\">(.*?)</span></li>')
content_template_parse 2022-11-28 14:24:50,591  [INFO] {template_parse.py:167} re.compile('<script type=\\"text/javascript\\" src=\\"/xcs/xhtml/js/page\\.js\\"></script><script>window\\.onload=function\\(\\) \\{createPageHTML\\(\'page_div\',(\\d+), (\\d),\'list_gzbd\',\'shtml\',(\\d+)\\);\)
content_template_parse 2022-11-28 14:24:50,593  [INFO] {template_parse.py:177} re.compile('<p style=.*?><span style=.*?>(.*?)</span></p>')
content_template_parse 2022-11-28 14:25:13,240  [INFO] {template_parse.py:157} re.compile('<li>  <a href=\\"(.*?)\\" target=\\"_blank\\" title=\\"(.*?)\\">.*?</a><span class=\\".*?\\">(.*?)</span></li>')
content_template_parse 2022-11-28 14:25:13,242  [INFO] {template_parse.py:162} re.compile('<li class=\\"line\\">  <a href=\\"(.*?)\\" target=\\"_blank\\" title=\\"(.*?)\\">.*?</a><span class=\\".*?\\">(.*?)</span></li>')
content_template_parse 2022-11-28 14:25:13,243  [INFO] {template_parse.py:167} re.compile('<script type=\\"text/javascript\\" src=\\"/xcs/xhtml/js/page\\.js\\"></script><script>window\\.onload=function\\(\\) \\{createPageHTML\\(\'page_div\',(\\d+), (\\d),\'list_gzbd\',\'shtml\',(\\d+)\\);\)
content_template_parse 2022-11-28 14:25:13,244  [INFO] {template_parse.py:177} re.compile('<p style=.*?><span style=.*?>(.*?)</span></p>')
content_template_parse 2022-11-28 14:25:19,094  [INFO] {template_parse.py:311} faield to match HK data from content!
content_template_parse 2022-11-28 14:26:23,989  [INFO] {template_parse.py:157} re.compile('<li>  <a href=\\"(.*?)\\" target=\\"_blank\\" title=\\"(.*?)\\">.*?</a><span class=\\".*?\\">(.*?)</span></li>')
content_template_parse 2022-11-28 14:26:23,991  [INFO] {template_parse.py:162} re.compile('<li class=\\"line\\">  <a href=\\"(.*?)\\" target=\\"_blank\\" title=\\"(.*?)\\">.*?</a><span class=\\".*?\\">(.*?)</span></li>')
content_template_parse 2022-11-28 14:26:23,992  [INFO] {template_parse.py:167} re.compile('<script type=\\"text/javascript\\" src=\\"/xcs/xhtml/js/page\\.js\\"></script><script>window\\.onload=function\\(\\) \\{createPageHTML\\(\'page_div\',(\\d+), (\\d),\'list_gzbd\',\'shtml\',(\\d+)\\);\)
content_template_parse 2022-11-28 14:26:23,992  [INFO] {template_parse.py:177} re.compile('<p style=.*?><span style=.*?>(.*?)</span></p>')
content_template_parse 2022-11-28 14:26:30,604  [INFO] {template_parse.py:311} faield to match HK data from content!
content_template_parse 2022-11-28 14:28:44,528  [INFO] {template_parse.py:157} re.compile('<li>  <a href=\\"(.*?)\\" target=\\"_blank\\" title=\\"(.*?)\\">.*?</a><span class=\\".*?\\">(.*?)</span></li>')
content_template_parse 2022-11-28 14:28:44,529  [INFO] {template_parse.py:162} re.compile('<li class=\\"line\\">  <a href=\\"(.*?)\\" target=\\"_blank\\" title=\\"(.*?)\\">.*?</a><span class=\\".*?\\">(.*?)</span></li>')
content_template_parse 2022-11-28 14:28:44,530  [INFO] {template_parse.py:167} re.compile('<script type=\\"text/javascript\\" src=\\"/xcs/xhtml/js/page\\.js\\"></script><script>window\\.onload=function\\(\\) \\{createPageHTML\\(\'page_div\',(\\d+), (\\d),\'list_gzbd\',\'shtml\',(\\d+)\\);\)
content_template_parse 2022-11-28 14:28:44,531  [INFO] {template_parse.py:177} re.compile('<p style=.*?><span style=.*?>(.*?)</span></p>')
content_template_parse 2022-11-28 14:28:55,936  [INFO] {template_parse.py:311} faield to match HK data from content!
content_template_parse 2022-11-28 14:30:16,174  [INFO] {template_parse.py:157} re.compile('<li>  <a href=\\"(.*?)\\" target=\\"_blank\\" title=\\"(.*?)\\">.*?</a><span class=\\".*?\\">(.*?)</span></li>')
content_template_parse 2022-11-28 14:30:16,175  [INFO] {template_parse.py:162} re.compile('<li class=\\"line\\">  <a href=\\"(.*?)\\" target=\\"_blank\\" title=\\"(.*?)\\">.*?</a><span class=\\".*?\\">(.*?)</span></li>')
content_template_parse 2022-11-28 14:30:16,176  [INFO] {template_parse.py:167} re.compile('<script type=\\"text/javascript\\" src=\\"/xcs/xhtml/js/page\\.js\\"></script><script>window\\.onload=function\\(\\) \\{createPageHTML\\(\'page_div\',(\\d+), (\\d),\'list_gzbd\',\'shtml\',(\\d+)\\);\)
content_template_parse 2022-11-28 14:30:16,177  [INFO] {template_parse.py:177} re.compile('<p style=.*?><span style=.*?>(.*?)</span></p>')
content_template_parse 2022-11-28 14:30:23,683  [INFO] {template_parse.py:311} faield to match HK data from content!
content_template_parse 2022-11-28 14:30:46,544  [INFO] {template_parse.py:157} re.compile('<li>  <a href=\\"(.*?)\\" target=\\"_blank\\" title=\\"(.*?)\\">.*?</a><span class=\\".*?\\">(.*?)</span></li>')
content_template_parse 2022-11-28 14:30:46,545  [INFO] {template_parse.py:162} re.compile('<li class=\\"line\\">  <a href=\\"(.*?)\\" target=\\"_blank\\" title=\\"(.*?)\\">.*?</a><span class=\\".*?\\">(.*?)</span></li>')
content_template_parse 2022-11-28 14:30:46,546  [INFO] {template_parse.py:167} re.compile('<script type=\\"text/javascript\\" src=\\"/xcs/xhtml/js/page\\.js\\"></script><script>window\\.onload=function\\(\\) \\{createPageHTML\\(\'page_div\',(\\d+), (\\d),\'list_gzbd\',\'shtml\',(\\d+)\\);\)
content_template_parse 2022-11-28 14:30:46,547  [INFO] {template_parse.py:177} re.compile('<p style=.*?><span style=.*?>(.*?)</span></p>')
content_template_parse 2022-11-28 14:30:52,387  [INFO] {template_parse.py:311} faield to match HK data from content!
content_template_parse 2022-11-28 14:31:15,477  [INFO] {template_parse.py:157} re.compile('<li>  <a href=\\"(.*?)\\" target=\\"_blank\\" title=\\"(.*?)\\">.*?</a><span class=\\".*?\\">(.*?)</span></li>')
content_template_parse 2022-11-28 14:31:15,478  [INFO] {template_parse.py:162} re.compile('<li class=\\"line\\">  <a href=\\"(.*?)\\" target=\\"_blank\\" title=\\"(.*?)\\">.*?</a><span class=\\".*?\\">(.*?)</span></li>')
content_template_parse 2022-11-28 14:31:15,479  [INFO] {template_parse.py:167} re.compile('<script type=\\"text/javascript\\" src=\\"/xcs/xhtml/js/page\\.js\\"></script><script>window\\.onload=function\\(\\) \\{createPageHTML\\(\'page_div\',(\\d+), (\\d),\'list_gzbd\',\'shtml\',(\\d+)\\);\)
content_template_parse 2022-11-28 14:31:15,480  [INFO] {template_parse.py:177} re.compile('<p style=.*?><span style=.*?>(.*?)</span></p>')
content_template_parse 2022-11-28 14:31:21,807  [INFO] {template_parse.py:311} faield to match HK data from content!
content_template_parse 2022-11-28 14:33:02,172  [INFO] {template_parse.py:157} re.compile('<li>  <a href=\\"(.*?)\\" target=\\"_blank\\" title=\\"(.*?)\\">.*?</a><span class=\\".*?\\">(.*?)</span></li>')
content_template_parse 2022-11-28 14:33:02,174  [INFO] {template_parse.py:162} re.compile('<li class=\\"line\\">  <a href=\\"(.*?)\\" target=\\"_blank\\" title=\\"(.*?)\\">.*?</a><span class=\\".*?\\">(.*?)</span></li>')
content_template_parse 2022-11-28 14:33:02,175  [INFO] {template_parse.py:167} re.compile('<script type=\\"text/javascript\\" src=\\"/xcs/xhtml/js/page\\.js\\"></script><script>window\\.onload=function\\(\\) \\{createPageHTML\\(\'page_div\',(\\d+), (\\d),\'list_gzbd\',\'shtml\',(\\d+)\\);\)
content_template_parse 2022-11-28 14:33:02,176  [INFO] {template_parse.py:177} re.compile('<p style=.*?><span style=.*?>(.*?)</span></p>')
content_template_parse 2022-11-28 14:33:10,732  [INFO] {template_parse.py:374} find total new add instance -> 3822
content_template_parse 2022-11-28 14:33:10,733  [INFO] {template_parse.py:362} outside instance new add all -> 74,add pairs -> [('广东', 24), ('北京', 16), ('福建', 13), ('山东', 6), ('辽宁', 4), ('上海', 4), ('内蒙古', 3), ('江苏', 2), ('四川', 1), ('陕西', 1)],outside normal_2_postive -> 7, outside normal_2_positive -> [('广东', 3), ('内蒙古', 2), ('北京', 1), ('四川', 1)]
content_template_parse 2022-11-28 14:33:10,736  [INFO] {template_parse.py:362} local instance new add all -> 3748,add pairs -> [('广东', 1347), ('北京', 840), ('重庆', 238), ('山西', 162), ('河南', 157), ('四川', 157), ('云南', 133), ('内蒙古', 121), ('山东', 90), ('浙江', 65), ('福建', 56), ('黑龙江', 54), ('陕西', 54), ('辽宁', 50), ('河北', 40), ('江苏', 30), ('新疆', 24), ('湖南', 23), ('贵州', 22), ('湖北', 18), ('上海', 16), ('海南', 10), ('吉林', 8), ('安徽', 8), ('甘肃', 8), ('天津', 6), ('西藏', 5), ('青海', 4), ('广西', 2)],outside normal_2_postive -> 1244, outside normal_2_positive -> [('广东', 968), ('重庆', 73), ('云南', 40), ('北京', 28), ('浙江', 26), ('黑龙江', 23), ('四川', 21), ('山西', 18), ('甘肃', 8), ('福建', 7), ('江苏', 5), ('山东', 4), ('陕西', 4), ('青海', 4), ('河北', 3), ('内蒙古', 3), ('湖南', 3), ('广西', 2), ('海南', 2), ('贵州', 2)]
content_template_parse 2022-11-28 14:33:10,740  [INFO] {template_parse.py:419} dead new add size -> 0
content_template_parse 2022-11-28 14:33:26,405  [INFO] {template_parse.py:157} re.compile('<li>  <a href=\\"(.*?)\\" target=\\"_blank\\" title=\\"(.*?)\\">.*?</a><span class=\\".*?\\">(.*?)</span></li>')
content_template_parse 2022-11-28 14:33:26,406  [INFO] {template_parse.py:162} re.compile('<li class=\\"line\\">  <a href=\\"(.*?)\\" target=\\"_blank\\" title=\\"(.*?)\\">.*?</a><span class=\\".*?\\">(.*?)</span></li>')
content_template_parse 2022-11-28 14:33:26,407  [INFO] {template_parse.py:167} re.compile('<script type=\\"text/javascript\\" src=\\"/xcs/xhtml/js/page\\.js\\"></script><script>window\\.onload=function\\(\\) \\{createPageHTML\\(\'page_div\',(\\d+), (\\d),\'list_gzbd\',\'shtml\',(\\d+)\\);\)
content_template_parse 2022-11-28 14:33:26,408  [INFO] {template_parse.py:177} re.compile('<p style=.*?><span style=.*?>(.*?)</span></p>')
content_template_parse 2022-11-28 14:33:32,941  [INFO] {template_parse.py:374} find total new add instance -> 3822
content_template_parse 2022-11-28 14:33:32,942  [INFO] {template_parse.py:362} outside instance new add all -> 74,add pairs -> [('广东', 24), ('北京', 16), ('福建', 13), ('山东', 6), ('辽宁', 4), ('上海', 4), ('内蒙古', 3), ('江苏', 2), ('四川', 1), ('陕西', 1)],outside normal_2_postive -> 7, outside normal_2_positive -> [('广东', 3), ('内蒙古', 2), ('北京', 1), ('四川', 1)]
content_template_parse 2022-11-28 14:33:32,944  [INFO] {template_parse.py:362} local instance new add all -> 3748,add pairs -> [('广东', 1347), ('北京', 840), ('重庆', 238), ('山西', 162), ('河南', 157), ('四川', 157), ('云南', 133), ('内蒙古', 121), ('山东', 90), ('浙江', 65), ('福建', 56), ('黑龙江', 54), ('陕西', 54), ('辽宁', 50), ('河北', 40), ('江苏', 30), ('新疆', 24), ('湖南', 23), ('贵州', 22), ('湖北', 18), ('上海', 16), ('海南', 10), ('吉林', 8), ('安徽', 8), ('甘肃', 8), ('天津', 6), ('西藏', 5), ('青海', 4), ('广西', 2)],outside normal_2_postive -> 1244, outside normal_2_positive -> [('广东', 968), ('重庆', 73), ('云南', 40), ('北京', 28), ('浙江', 26), ('黑龙江', 23), ('四川', 21), ('山西', 18), ('甘肃', 8), ('福建', 7), ('江苏', 5), ('山东', 4), ('陕西', 4), ('青海', 4), ('河北', 3), ('内蒙古', 3), ('湖南', 3), ('广西', 2), ('海南', 2), ('贵州', 2)]
content_template_parse 2022-11-28 14:33:32,948  [INFO] {template_parse.py:419} dead new add size -> 0
content_template_parse 2022-11-28 14:34:00,726  [INFO] {template_parse.py:157} re.compile('<li>  <a href=\\"(.*?)\\" target=\\"_blank\\" title=\\"(.*?)\\">.*?</a><span class=\\".*?\\">(.*?)</span></li>')
content_template_parse 2022-11-28 14:34:00,727  [INFO] {template_parse.py:162} re.compile('<li class=\\"line\\">  <a href=\\"(.*?)\\" target=\\"_blank\\" title=\\"(.*?)\\">.*?</a><span class=\\".*?\\">(.*?)</span></li>')
content_template_parse 2022-11-28 14:34:00,728  [INFO] {template_parse.py:167} re.compile('<script type=\\"text/javascript\\" src=\\"/xcs/xhtml/js/page\\.js\\"></script><script>window\\.onload=function\\(\\) \\{createPageHTML\\(\'page_div\',(\\d+), (\\d),\'list_gzbd\',\'shtml\',(\\d+)\\);\)
content_template_parse 2022-11-28 14:34:00,729  [INFO] {template_parse.py:177} re.compile('<p style=.*?><span style=.*?>(.*?)</span></p>')
content_template_parse 2022-11-28 14:34:08,000  [INFO] {template_parse.py:374} find total new add instance -> 3822
content_template_parse 2022-11-28 14:34:08,001  [INFO] {template_parse.py:362} outside instance new add all -> 74,add pairs -> [('广东', 24), ('北京', 16), ('福建', 13), ('山东', 6), ('辽宁', 4), ('上海', 4), ('内蒙古', 3), ('江苏', 2), ('四川', 1), ('陕西', 1)],outside normal_2_postive -> 7, outside normal_2_positive -> [('广东', 3), ('内蒙古', 2), ('北京', 1), ('四川', 1)]
content_template_parse 2022-11-28 14:34:08,004  [INFO] {template_parse.py:362} local instance new add all -> 3748,add pairs -> [('广东', 1347), ('北京', 840), ('重庆', 238), ('山西', 162), ('河南', 157), ('四川', 157), ('云南', 133), ('内蒙古', 121), ('山东', 90), ('浙江', 65), ('福建', 56), ('黑龙江', 54), ('陕西', 54), ('辽宁', 50), ('河北', 40), ('江苏', 30), ('新疆', 24), ('湖南', 23), ('贵州', 22), ('湖北', 18), ('上海', 16), ('海南', 10), ('吉林', 8), ('安徽', 8), ('甘肃', 8), ('天津', 6), ('西藏', 5), ('青海', 4), ('广西', 2)],outside normal_2_postive -> 1244, outside normal_2_positive -> [('广东', 968), ('重庆', 73), ('云南', 40), ('北京', 28), ('浙江', 26), ('黑龙江', 23), ('四川', 21), ('山西', 18), ('甘肃', 8), ('福建', 7), ('江苏', 5), ('山东', 4), ('陕西', 4), ('青海', 4), ('河北', 3), ('内蒙古', 3), ('湖南', 3), ('广西', 2), ('海南', 2), ('贵州', 2)]
content_template_parse 2022-11-28 14:34:08,007  [INFO] {template_parse.py:419} dead new add size -> 0
content_template_parse 2022-11-28 14:34:08,041  [INFO] {template_parse.py:510} cure total -> 2103,outside -> 57,local -> 2046,detail pairs -> [('广东', 982), ('北京', 231), ('重庆', 213), ('四川', 152), ('内蒙古', 84), ('山西', 67), ('河南', 56), ('云南', 50), ('陕西', 40), ('江苏', 29), ('新疆', 23), ('浙江', 16), ('湖南', 16), ('辽宁', 12), ('贵州', 12), ('黑龙江', 10), ('山东', 9), ('河北', 8), ('福建', 8), ('海南', 8), ('甘肃', 5), ('青海', 5), ('上海', 4), ('安徽', 2), ('湖北', 2), ('广西', 2)],close obsevation -> 207918,severe illness -> -7
content_template_parse 2022-11-28 14:34:36,082  [INFO] {template_parse.py:157} re.compile('<li>  <a href=\\"(.*?)\\" target=\\"_blank\\" title=\\"(.*?)\\">.*?</a><span class=\\".*?\\">(.*?)</span></li>')
content_template_parse 2022-11-28 14:34:36,083  [INFO] {template_parse.py:162} re.compile('<li class=\\"line\\">  <a href=\\"(.*?)\\" target=\\"_blank\\" title=\\"(.*?)\\">.*?</a><span class=\\".*?\\">(.*?)</span></li>')
content_template_parse 2022-11-28 14:34:36,083  [INFO] {template_parse.py:167} re.compile('<script type=\\"text/javascript\\" src=\\"/xcs/xhtml/js/page\\.js\\"></script><script>window\\.onload=function\\(\\) \\{createPageHTML\\(\'page_div\',(\\d+), (\\d),\'list_gzbd\',\'shtml\',(\\d+)\\);\)
content_template_parse 2022-11-28 14:34:36,085  [INFO] {template_parse.py:177} re.compile('<p style=.*?><span style=.*?>(.*?)</span></p>')
content_template_parse 2022-11-28 14:34:43,559  [INFO] {template_parse.py:374} find total new add instance -> 3822
content_template_parse 2022-11-28 14:34:43,561  [INFO] {template_parse.py:362} outside instance new add all -> 74,add pairs -> [('广东', 24), ('北京', 16), ('福建', 13), ('山东', 6), ('辽宁', 4), ('上海', 4), ('内蒙古', 3), ('江苏', 2), ('四川', 1), ('陕西', 1)],outside normal_2_postive -> 7, outside normal_2_positive -> [('广东', 3), ('内蒙古', 2), ('北京', 1), ('四川', 1)]
content_template_parse 2022-11-28 14:34:43,564  [INFO] {template_parse.py:362} local instance new add all -> 3748,add pairs -> [('广东', 1347), ('北京', 840), ('重庆', 238), ('山西', 162), ('河南', 157), ('四川', 157), ('云南', 133), ('内蒙古', 121), ('山东', 90), ('浙江', 65), ('福建', 56), ('黑龙江', 54), ('陕西', 54), ('辽宁', 50), ('河北', 40), ('江苏', 30), ('新疆', 24), ('湖南', 23), ('贵州', 22), ('湖北', 18), ('上海', 16), ('海南', 10), ('吉林', 8), ('安徽', 8), ('甘肃', 8), ('天津', 6), ('西藏', 5), ('青海', 4), ('广西', 2)],outside normal_2_postive -> 1244, outside normal_2_positive -> [('广东', 968), ('重庆', 73), ('云南', 40), ('北京', 28), ('浙江', 26), ('黑龙江', 23), ('四川', 21), ('山西', 18), ('甘肃', 8), ('福建', 7), ('江苏', 5), ('山东', 4), ('陕西', 4), ('青海', 4), ('河北', 3), ('内蒙古', 3), ('湖南', 3), ('广西', 2), ('海南', 2), ('贵州', 2)]
content_template_parse 2022-11-28 14:34:43,567  [INFO] {template_parse.py:419} dead new add size -> 0
content_template_parse 2022-11-28 14:34:43,582  [INFO] {template_parse.py:510} cure total -> 2103,outside -> 57,local -> 2046,detail pairs -> [('广东', 982), ('北京', 231), ('重庆', 213), ('四川', 152), ('内蒙古', 84), ('山西', 67), ('河南', 56), ('云南', 50), ('陕西', 40), ('江苏', 29), ('新疆', 23), ('浙江', 16), ('湖南', 16), ('辽宁', 12), ('贵州', 12), ('黑龙江', 10), ('山东', 9), ('河北', 8), ('福建', 8), ('海南', 8), ('甘肃', 5), ('青海', 5), ('上海', 4), ('安徽', 2), ('湖北', 2), ('广西', 2)],close obsevation -> 207918,severe illness -> -7
content_template_parse 2022-11-28 14:36:04,323  [INFO] {template_parse.py:157} re.compile('<li>  <a href=\\"(.*?)\\" target=\\"_blank\\" title=\\"(.*?)\\">.*?</a><span class=\\".*?\\">(.*?)</span></li>')
content_template_parse 2022-11-28 14:36:04,324  [INFO] {template_parse.py:162} re.compile('<li class=\\"line\\">  <a href=\\"(.*?)\\" target=\\"_blank\\" title=\\"(.*?)\\">.*?</a><span class=\\".*?\\">(.*?)</span></li>')
content_template_parse 2022-11-28 14:36:04,325  [INFO] {template_parse.py:167} re.compile('<script type=\\"text/javascript\\" src=\\"/xcs/xhtml/js/page\\.js\\"></script><script>window\\.onload=function\\(\\) \\{createPageHTML\\(\'page_div\',(\\d+), (\\d),\'list_gzbd\',\'shtml\',(\\d+)\\);\)
content_template_parse 2022-11-28 14:36:04,326  [INFO] {template_parse.py:177} re.compile('<p style=.*?><span style=.*?>(.*?)</span></p>')
content_template_parse 2022-11-28 14:36:12,742  [INFO] {template_parse.py:374} find total new add instance -> 3822
content_template_parse 2022-11-28 14:36:12,743  [INFO] {template_parse.py:362} outside instance new add all -> 74,add pairs -> [('广东', 24), ('北京', 16), ('福建', 13), ('山东', 6), ('辽宁', 4), ('上海', 4), ('内蒙古', 3), ('江苏', 2), ('四川', 1), ('陕西', 1)],outside normal_2_postive -> 7, outside normal_2_positive -> [('广东', 3), ('内蒙古', 2), ('北京', 1), ('四川', 1)]
content_template_parse 2022-11-28 14:36:12,744  [INFO] {template_parse.py:362} local instance new add all -> 3748,add pairs -> [('广东', 1347), ('北京', 840), ('重庆', 238), ('山西', 162), ('河南', 157), ('四川', 157), ('云南', 133), ('内蒙古', 121), ('山东', 90), ('浙江', 65), ('福建', 56), ('黑龙江', 54), ('陕西', 54), ('辽宁', 50), ('河北', 40), ('江苏', 30), ('新疆', 24), ('湖南', 23), ('贵州', 22), ('湖北', 18), ('上海', 16), ('海南', 10), ('吉林', 8), ('安徽', 8), ('甘肃', 8), ('天津', 6), ('西藏', 5), ('青海', 4), ('广西', 2)],outside normal_2_postive -> 1244, outside normal_2_positive -> [('广东', 968), ('重庆', 73), ('云南', 40), ('北京', 28), ('浙江', 26), ('黑龙江', 23), ('四川', 21), ('山西', 18), ('甘肃', 8), ('福建', 7), ('江苏', 5), ('山东', 4), ('陕西', 4), ('青海', 4), ('河北', 3), ('内蒙古', 3), ('湖南', 3), ('广西', 2), ('海南', 2), ('贵州', 2)]
content_template_parse 2022-11-28 14:36:12,747  [INFO] {template_parse.py:419} dead new add size -> 0
content_template_parse 2022-11-28 14:36:12,757  [INFO] {template_parse.py:510} cure total -> 2103,outside -> 57,local -> 2046,detail pairs -> [('广东', 982), ('北京', 231), ('重庆', 213), ('四川', 152), ('内蒙古', 84), ('山西', 67), ('河南', 56), ('云南', 50), ('陕西', 40), ('江苏', 29), ('新疆', 23), ('浙江', 16), ('湖南', 16), ('辽宁', 12), ('贵州', 12), ('黑龙江', 10), ('山东', 9), ('河北', 8), ('福建', 8), ('海南', 8), ('甘肃', 5), ('青海', 5), ('上海', 4), ('安徽', 2), ('湖北', 2), ('广西', 2)],close obsevation -> 207918,severe illness -> -7
content_template_parse 2022-11-28 14:36:49,755  [INFO] {template_parse.py:157} re.compile('<li>  <a href=\\"(.*?)\\" target=\\"_blank\\" title=\\"(.*?)\\">.*?</a><span class=\\".*?\\">(.*?)</span></li>')
content_template_parse 2022-11-28 14:36:49,756  [INFO] {template_parse.py:162} re.compile('<li class=\\"line\\">  <a href=\\"(.*?)\\" target=\\"_blank\\" title=\\"(.*?)\\">.*?</a><span class=\\".*?\\">(.*?)</span></li>')
content_template_parse 2022-11-28 14:36:49,756  [INFO] {template_parse.py:167} re.compile('<script type=\\"text/javascript\\" src=\\"/xcs/xhtml/js/page\\.js\\"></script><script>window\\.onload=function\\(\\) \\{createPageHTML\\(\'page_div\',(\\d+), (\\d),\'list_gzbd\',\'shtml\',(\\d+)\\);\)
content_template_parse 2022-11-28 14:36:49,757  [INFO] {template_parse.py:177} re.compile('<p style=.*?><span style=.*?>(.*?)</span></p>')
content_template_parse 2022-11-28 14:36:57,189  [INFO] {template_parse.py:374} find total new add instance -> 3822
content_template_parse 2022-11-28 14:36:57,190  [INFO] {template_parse.py:362} outside instance new add all -> 74,add pairs -> [('广东', 24), ('北京', 16), ('福建', 13), ('山东', 6), ('辽宁', 4), ('上海', 4), ('内蒙古', 3), ('江苏', 2), ('四川', 1), ('陕西', 1)],outside normal_2_postive -> 7, outside normal_2_positive -> [('广东', 3), ('内蒙古', 2), ('北京', 1), ('四川', 1)]
content_template_parse 2022-11-28 14:36:57,193  [INFO] {template_parse.py:362} local instance new add all -> 3748,add pairs -> [('广东', 1347), ('北京', 840), ('重庆', 238), ('山西', 162), ('河南', 157), ('四川', 157), ('云南', 133), ('内蒙古', 121), ('山东', 90), ('浙江', 65), ('福建', 56), ('黑龙江', 54), ('陕西', 54), ('辽宁', 50), ('河北', 40), ('江苏', 30), ('新疆', 24), ('湖南', 23), ('贵州', 22), ('湖北', 18), ('上海', 16), ('海南', 10), ('吉林', 8), ('安徽', 8), ('甘肃', 8), ('天津', 6), ('西藏', 5), ('青海', 4), ('广西', 2)],outside normal_2_postive -> 1244, outside normal_2_positive -> [('广东', 968), ('重庆', 73), ('云南', 40), ('北京', 28), ('浙江', 26), ('黑龙江', 23), ('四川', 21), ('山西', 18), ('甘肃', 8), ('福建', 7), ('江苏', 5), ('山东', 4), ('陕西', 4), ('青海', 4), ('河北', 3), ('内蒙古', 3), ('湖南', 3), ('广西', 2), ('海南', 2), ('贵州', 2)]
content_template_parse 2022-11-28 14:36:57,196  [INFO] {template_parse.py:419} dead new add size -> 0
content_template_parse 2022-11-28 14:36:57,207  [INFO] {template_parse.py:510} cure total -> 2103,outside -> 57,local -> 2046,detail pairs -> [('广东', 982), ('北京', 231), ('重庆', 213), ('四川', 152), ('内蒙古', 84), ('山西', 67), ('河南', 56), ('云南', 50), ('陕西', 40), ('江苏', 29), ('新疆', 23), ('浙江', 16), ('湖南', 16), ('辽宁', 12), ('贵州', 12), ('黑龙江', 10), ('山东', 9), ('河北', 8), ('福建', 8), ('海南', 8), ('甘肃', 5), ('青海', 5), ('上海', 4), ('安徽', 2), ('湖北', 2), ('广西', 2)],close obsevation -> 207918,severe illness -> -7
content_template_parse 2022-11-28 14:40:00,666  [INFO] {template_parse.py:157} re.compile('<li>  <a href=\\"(.*?)\\" target=\\"_blank\\" title=\\"(.*?)\\">.*?</a><span class=\\".*?\\">(.*?)</span></li>')
content_template_parse 2022-11-28 14:40:00,667  [INFO] {template_parse.py:162} re.compile('<li class=\\"line\\">  <a href=\\"(.*?)\\" target=\\"_blank\\" title=\\"(.*?)\\">.*?</a><span class=\\".*?\\">(.*?)</span></li>')
content_template_parse 2022-11-28 14:40:00,668  [INFO] {template_parse.py:167} re.compile('<script type=\\"text/javascript\\" src=\\"/xcs/xhtml/js/page\\.js\\"></script><script>window\\.onload=function\\(\\) \\{createPageHTML\\(\'page_div\',(\\d+), (\\d),\'list_gzbd\',\'shtml\',(\\d+)\\);\)
content_template_parse 2022-11-28 14:40:00,668  [INFO] {template_parse.py:177} re.compile('<p style=.*?><span style=.*?>(.*?)</span></p>')
content_template_parse 2022-11-28 14:40:09,524  [INFO] {template_parse.py:374} find total new add instance -> 3822
content_template_parse 2022-11-28 14:40:09,525  [INFO] {template_parse.py:362} outside instance new add all -> 74,add pairs -> [('广东', 24), ('北京', 16), ('福建', 13), ('山东', 6), ('辽宁', 4), ('上海', 4), ('内蒙古', 3), ('江苏', 2), ('四川', 1), ('陕西', 1)],outside normal_2_postive -> 7, outside normal_2_positive -> [('广东', 3), ('内蒙古', 2), ('北京', 1), ('四川', 1)]
content_template_parse 2022-11-28 14:40:09,526  [INFO] {template_parse.py:362} local instance new add all -> 3748,add pairs -> [('广东', 1347), ('北京', 840), ('重庆', 238), ('山西', 162), ('河南', 157), ('四川', 157), ('云南', 133), ('内蒙古', 121), ('山东', 90), ('浙江', 65), ('福建', 56), ('黑龙江', 54), ('陕西', 54), ('辽宁', 50), ('河北', 40), ('江苏', 30), ('新疆', 24), ('湖南', 23), ('贵州', 22), ('湖北', 18), ('上海', 16), ('海南', 10), ('吉林', 8), ('安徽', 8), ('甘肃', 8), ('天津', 6), ('西藏', 5), ('青海', 4), ('广西', 2)],outside normal_2_postive -> 1244, outside normal_2_positive -> [('广东', 968), ('重庆', 73), ('云南', 40), ('北京', 28), ('浙江', 26), ('黑龙江', 23), ('四川', 21), ('山西', 18), ('甘肃', 8), ('福建', 7), ('江苏', 5), ('山东', 4), ('陕西', 4), ('青海', 4), ('河北', 3), ('内蒙古', 3), ('湖南', 3), ('广西', 2), ('海南', 2), ('贵州', 2)]
content_template_parse 2022-11-28 14:40:09,527  [INFO] {template_parse.py:419} dead new add size -> 0
content_template_parse 2022-11-28 14:40:09,534  [INFO] {template_parse.py:510} cure total -> 2103,outside -> 57,local -> 2046,detail pairs -> [('广东', 982), ('北京', 231), ('重庆', 213), ('四川', 152), ('内蒙古', 84), ('山西', 67), ('河南', 56), ('云南', 50), ('陕西', 40), ('江苏', 29), ('新疆', 23), ('浙江', 16), ('湖南', 16), ('辽宁', 12), ('贵州', 12), ('黑龙江', 10), ('山东', 9), ('河北', 8), ('福建', 8), ('海南', 8), ('甘肃', 5), ('青海', 5), ('上海', 4), ('安徽', 2), ('湖北', 2), ('广西', 2)],close obsevation -> 207918,severe illness -> -7
content_template_parse 2022-11-28 14:42:14,204  [INFO] {template_parse.py:157} re.compile('<li>  <a href=\\"(.*?)\\" target=\\"_blank\\" title=\\"(.*?)\\">.*?</a><span class=\\".*?\\">(.*?)</span></li>')
content_template_parse 2022-11-28 14:42:14,205  [INFO] {template_parse.py:162} re.compile('<li class=\\"line\\">  <a href=\\"(.*?)\\" target=\\"_blank\\" title=\\"(.*?)\\">.*?</a><span class=\\".*?\\">(.*?)</span></li>')
content_template_parse 2022-11-28 14:42:14,206  [INFO] {template_parse.py:167} re.compile('<script type=\\"text/javascript\\" src=\\"/xcs/xhtml/js/page\\.js\\"></script><script>window\\.onload=function\\(\\) \\{createPageHTML\\(\'page_div\',(\\d+), (\\d),\'list_gzbd\',\'shtml\',(\\d+)\\);\)
content_template_parse 2022-11-28 14:42:14,207  [INFO] {template_parse.py:177} re.compile('<p style=.*?><span style=.*?>(.*?)</span></p>')
content_template_parse 2022-11-28 14:42:37,396  [INFO] {template_parse.py:374} find total new add instance -> 3822
content_template_parse 2022-11-28 14:42:37,398  [INFO] {template_parse.py:362} outside instance new add all -> 74,add pairs -> [('广东', 24), ('北京', 16), ('福建', 13), ('山东', 6), ('辽宁', 4), ('上海', 4), ('内蒙古', 3), ('江苏', 2), ('四川', 1), ('陕西', 1)],outside normal_2_postive -> 7, outside normal_2_positive -> [('广东', 3), ('内蒙古', 2), ('北京', 1), ('四川', 1)]
content_template_parse 2022-11-28 14:42:37,403  [INFO] {template_parse.py:362} local instance new add all -> 3748,add pairs -> [('广东', 1347), ('北京', 840), ('重庆', 238), ('山西', 162), ('河南', 157), ('四川', 157), ('云南', 133), ('内蒙古', 121), ('山东', 90), ('浙江', 65), ('福建', 56), ('黑龙江', 54), ('陕西', 54), ('辽宁', 50), ('河北', 40), ('江苏', 30), ('新疆', 24), ('湖南', 23), ('贵州', 22), ('湖北', 18), ('上海', 16), ('海南', 10), ('吉林', 8), ('安徽', 8), ('甘肃', 8), ('天津', 6), ('西藏', 5), ('青海', 4), ('广西', 2)],outside normal_2_postive -> 1244, outside normal_2_positive -> [('广东', 968), ('重庆', 73), ('云南', 40), ('北京', 28), ('浙江', 26), ('黑龙江', 23), ('四川', 21), ('山西', 18), ('甘肃', 8), ('福建', 7), ('江苏', 5), ('山东', 4), ('陕西', 4), ('青海', 4), ('河北', 3), ('内蒙古', 3), ('湖南', 3), ('广西', 2), ('海南', 2), ('贵州', 2)]
content_template_parse 2022-11-28 14:42:37,414  [INFO] {template_parse.py:419} dead new add size -> 0
content_template_parse 2022-11-28 14:42:37,452  [INFO] {template_parse.py:510} cure total -> 2103,outside -> 57,local -> 2046,detail pairs -> [('广东', 982), ('北京', 231), ('重庆', 213), ('四川', 152), ('内蒙古', 84), ('山西', 67), ('河南', 56), ('云南', 50), ('陕西', 40), ('江苏', 29), ('新疆', 23), ('浙江', 16), ('湖南', 16), ('辽宁', 12), ('贵州', 12), ('黑龙江', 10), ('山东', 9), ('河北', 8), ('福建', 8), ('海南', 8), ('甘肃', 5), ('青海', 5), ('上海', 4), ('安徽', 2), ('湖北', 2), ('广西', 2)],close obsevation -> 207918,severe illness -> -7
content_template_parse 2022-11-28 14:47:52,929  [INFO] {template_parse.py:157} re.compile('<li>  <a href=\\"(.*?)\\" target=\\"_blank\\" title=\\"(.*?)\\">.*?</a><span class=\\".*?\\">(.*?)</span></li>')
content_template_parse 2022-11-28 14:47:52,931  [INFO] {template_parse.py:162} re.compile('<li class=\\"line\\">  <a href=\\"(.*?)\\" target=\\"_blank\\" title=\\"(.*?)\\">.*?</a><span class=\\".*?\\">(.*?)</span></li>')
content_template_parse 2022-11-28 14:47:52,933  [INFO] {template_parse.py:167} re.compile('<script type=\\"text/javascript\\" src=\\"/xcs/xhtml/js/page\\.js\\"></script><script>window\\.onload=function\\(\\) \\{createPageHTML\\(\'page_div\',(\\d+), (\\d),\'list_gzbd\',\'shtml\',(\\d+)\\);\)
content_template_parse 2022-11-28 14:47:52,934  [INFO] {template_parse.py:177} re.compile('<p style=.*?><span style=.*?>(.*?)</span></p>')
content_template_parse 2022-11-28 14:48:06,928  [INFO] {template_parse.py:374} find total new add instance -> 3822
content_template_parse 2022-11-28 14:48:06,929  [INFO] {template_parse.py:362} outside instance new add all -> 74,add pairs -> [('广东', 24), ('北京', 16), ('福建', 13), ('山东', 6), ('辽宁', 4), ('上海', 4), ('内蒙古', 3), ('江苏', 2), ('四川', 1), ('陕西', 1)],outside normal_2_postive -> 7, outside normal_2_positive -> [('广东', 3), ('内蒙古', 2), ('北京', 1), ('四川', 1)]
content_template_parse 2022-11-28 14:48:06,931  [INFO] {template_parse.py:362} local instance new add all -> 3748,add pairs -> [('广东', 1347), ('北京', 840), ('重庆', 238), ('山西', 162), ('河南', 157), ('四川', 157), ('云南', 133), ('内蒙古', 121), ('山东', 90), ('浙江', 65), ('福建', 56), ('黑龙江', 54), ('陕西', 54), ('辽宁', 50), ('河北', 40), ('江苏', 30), ('新疆', 24), ('湖南', 23), ('贵州', 22), ('湖北', 18), ('上海', 16), ('海南', 10), ('吉林', 8), ('安徽', 8), ('甘肃', 8), ('天津', 6), ('西藏', 5), ('青海', 4), ('广西', 2)],outside normal_2_postive -> 1244, outside normal_2_positive -> [('广东', 968), ('重庆', 73), ('云南', 40), ('北京', 28), ('浙江', 26), ('黑龙江', 23), ('四川', 21), ('山西', 18), ('甘肃', 8), ('福建', 7), ('江苏', 5), ('山东', 4), ('陕西', 4), ('青海', 4), ('河北', 3), ('内蒙古', 3), ('湖南', 3), ('广西', 2), ('海南', 2), ('贵州', 2)]
content_template_parse 2022-11-28 14:48:06,933  [INFO] {template_parse.py:419} dead new add size -> 0
content_template_parse 2022-11-28 14:48:07,520  [INFO] {template_parse.py:510} cure total -> 2103,outside -> 57,local -> 2046,detail pairs -> [('广东', 982), ('北京', 231), ('重庆', 213), ('四川', 152), ('内蒙古', 84), ('山西', 67), ('河南', 56), ('云南', 50), ('陕西', 40), ('江苏', 29), ('新疆', 23), ('浙江', 16), ('湖南', 16), ('辽宁', 12), ('贵州', 12), ('黑龙江', 10), ('山东', 9), ('河北', 8), ('福建', 8), ('海南', 8), ('甘肃', 5), ('青海', 5), ('上海', 4), ('安徽', 2), ('湖北', 2), ('广西', 2)],close obsevation -> 207918,severe illness -> -7
content_template_parse 2022-11-28 14:50:08,821  [INFO] {template_parse.py:157} re.compile('<li>  <a href=\\"(.*?)\\" target=\\"_blank\\" title=\\"(.*?)\\">.*?</a><span class=\\".*?\\">(.*?)</span></li>')
content_template_parse 2022-11-28 14:50:08,829  [INFO] {template_parse.py:162} re.compile('<li class=\\"line\\">  <a href=\\"(.*?)\\" target=\\"_blank\\" title=\\"(.*?)\\">.*?</a><span class=\\".*?\\">(.*?)</span></li>')
content_template_parse 2022-11-28 14:50:08,840  [INFO] {template_parse.py:167} re.compile('<script type=\\"text/javascript\\" src=\\"/xcs/xhtml/js/page\\.js\\"></script><script>window\\.onload=function\\(\\) \\{createPageHTML\\(\'page_div\',(\\d+), (\\d),\'list_gzbd\',\'shtml\',(\\d+)\\);\)
content_template_parse 2022-11-28 14:50:08,857  [INFO] {template_parse.py:177} re.compile('<p style=.*?><span style=.*?>(.*?)</span></p>')
content_template_parse 2022-11-28 14:50:22,633  [INFO] {template_parse.py:374} find total new add instance -> 3822
content_template_parse 2022-11-28 14:50:22,635  [INFO] {template_parse.py:362} outside instance new add all -> 74,add pairs -> [('广东', 24), ('北京', 16), ('福建', 13), ('山东', 6), ('辽宁', 4), ('上海', 4), ('内蒙古', 3), ('江苏', 2), ('四川', 1), ('陕西', 1)],outside normal_2_postive -> 7, outside normal_2_positive -> [('广东', 3), ('内蒙古', 2), ('北京', 1), ('四川', 1)]
content_template_parse 2022-11-28 14:50:22,636  [INFO] {template_parse.py:362} local instance new add all -> 3748,add pairs -> [('广东', 1347), ('北京', 840), ('重庆', 238), ('山西', 162), ('河南', 157), ('四川', 157), ('云南', 133), ('内蒙古', 121), ('山东', 90), ('浙江', 65), ('福建', 56), ('黑龙江', 54), ('陕西', 54), ('辽宁', 50), ('河北', 40), ('江苏', 30), ('新疆', 24), ('湖南', 23), ('贵州', 22), ('湖北', 18), ('上海', 16), ('海南', 10), ('吉林', 8), ('安徽', 8), ('甘肃', 8), ('天津', 6), ('西藏', 5), ('青海', 4), ('广西', 2)],outside normal_2_postive -> 1244, outside normal_2_positive -> [('广东', 968), ('重庆', 73), ('云南', 40), ('北京', 28), ('浙江', 26), ('黑龙江', 23), ('四川', 21), ('山西', 18), ('甘肃', 8), ('福建', 7), ('江苏', 5), ('山东', 4), ('陕西', 4), ('青海', 4), ('河北', 3), ('内蒙古', 3), ('湖南', 3), ('广西', 2), ('海南', 2), ('贵州', 2)]
content_template_parse 2022-11-28 14:50:22,638  [INFO] {template_parse.py:419} dead new add size -> 0
content_template_parse 2022-11-28 14:50:22,731  [INFO] {template_parse.py:510} cure total -> 2103,outside -> 57,local -> 2046,detail pairs -> [('广东', 982), ('北京', 231), ('重庆', 213), ('四川', 152), ('内蒙古', 84), ('山西', 67), ('河南', 56), ('云南', 50), ('陕西', 40), ('江苏', 29), ('新疆', 23), ('浙江', 16), ('湖南', 16), ('辽宁', 12), ('贵州', 12), ('黑龙江', 10), ('山东', 9), ('河北', 8), ('福建', 8), ('海南', 8), ('甘肃', 5), ('青海', 5), ('上海', 4), ('安徽', 2), ('湖北', 2), ('广西', 2)],close obsevation -> 207918,severe illness -> -7
content_template_parse 2022-11-28 14:53:45,482  [INFO] {template_parse.py:157} re.compile('<li>  <a href=\\"(.*?)\\" target=\\"_blank\\" title=\\"(.*?)\\">.*?</a><span class=\\".*?\\">(.*?)</span></li>')
content_template_parse 2022-11-28 14:53:45,482  [INFO] {template_parse.py:162} re.compile('<li class=\\"line\\">  <a href=\\"(.*?)\\" target=\\"_blank\\" title=\\"(.*?)\\">.*?</a><span class=\\".*?\\">(.*?)</span></li>')
content_template_parse 2022-11-28 14:53:45,483  [INFO] {template_parse.py:167} re.compile('<script type=\\"text/javascript\\" src=\\"/xcs/xhtml/js/page\\.js\\"></script><script>window\\.onload=function\\(\\) \\{createPageHTML\\(\'page_div\',(\\d+), (\\d),\'list_gzbd\',\'shtml\',(\\d+)\\);\)
content_template_parse 2022-11-28 14:53:45,484  [INFO] {template_parse.py:177} re.compile('<p style=.*?><span style=.*?>(.*?)</span></p>')
content_template_parse 2022-11-28 14:53:55,399  [INFO] {template_parse.py:374} find total new add instance -> 3822
content_template_parse 2022-11-28 14:53:55,400  [INFO] {template_parse.py:362} outside instance new add all -> 74,add pairs -> [('广东', 24), ('北京', 16), ('福建', 13), ('山东', 6), ('辽宁', 4), ('上海', 4), ('内蒙古', 3), ('江苏', 2), ('四川', 1), ('陕西', 1)],outside normal_2_postive -> 7, outside normal_2_positive -> [('广东', 3), ('内蒙古', 2), ('北京', 1), ('四川', 1)]
content_template_parse 2022-11-28 14:53:55,401  [INFO] {template_parse.py:362} local instance new add all -> 3748,add pairs -> [('广东', 1347), ('北京', 840), ('重庆', 238), ('山西', 162), ('河南', 157), ('四川', 157), ('云南', 133), ('内蒙古', 121), ('山东', 90), ('浙江', 65), ('福建', 56), ('黑龙江', 54), ('陕西', 54), ('辽宁', 50), ('河北', 40), ('江苏', 30), ('新疆', 24), ('湖南', 23), ('贵州', 22), ('湖北', 18), ('上海', 16), ('海南', 10), ('吉林', 8), ('安徽', 8), ('甘肃', 8), ('天津', 6), ('西藏', 5), ('青海', 4), ('广西', 2)],outside normal_2_postive -> 1244, outside normal_2_positive -> [('广东', 968), ('重庆', 73), ('云南', 40), ('北京', 28), ('浙江', 26), ('黑龙江', 23), ('四川', 21), ('山西', 18), ('甘肃', 8), ('福建', 7), ('江苏', 5), ('山东', 4), ('陕西', 4), ('青海', 4), ('河北', 3), ('内蒙古', 3), ('湖南', 3), ('广西', 2), ('海南', 2), ('贵州', 2)]
content_template_parse 2022-11-28 14:53:55,403  [INFO] {template_parse.py:419} dead new add size -> 0
content_template_parse 2022-11-28 14:53:55,427  [INFO] {template_parse.py:510} cure total -> 2103,outside -> 57,local -> 2046,detail pairs -> [('广东', 982), ('北京', 231), ('重庆', 213), ('四川', 152), ('内蒙古', 84), ('山西', 67), ('河南', 56), ('云南', 50), ('陕西', 40), ('江苏', 29), ('新疆', 23), ('浙江', 16), ('湖南', 16), ('辽宁', 12), ('贵州', 12), ('黑龙江', 10), ('山东', 9), ('河北', 8), ('福建', 8), ('海南', 8), ('甘肃', 5), ('青海', 5), ('上海', 4), ('安徽', 2), ('湖北', 2), ('广西', 2)],close obsevation -> 207918,severe illness -> -7
content_template_parse 2022-11-28 14:54:28,276  [INFO] {template_parse.py:157} re.compile('<li>  <a href=\\"(.*?)\\" target=\\"_blank\\" title=\\"(.*?)\\">.*?</a><span class=\\".*?\\">(.*?)</span></li>')
content_template_parse 2022-11-28 14:54:28,278  [INFO] {template_parse.py:162} re.compile('<li class=\\"line\\">  <a href=\\"(.*?)\\" target=\\"_blank\\" title=\\"(.*?)\\">.*?</a><span class=\\".*?\\">(.*?)</span></li>')
content_template_parse 2022-11-28 14:54:28,280  [INFO] {template_parse.py:167} re.compile('<script type=\\"text/javascript\\" src=\\"/xcs/xhtml/js/page\\.js\\"></script><script>window\\.onload=function\\(\\) \\{createPageHTML\\(\'page_div\',(\\d+), (\\d),\'list_gzbd\',\'shtml\',(\\d+)\\);\)
content_template_parse 2022-11-28 14:54:28,282  [INFO] {template_parse.py:177} re.compile('<p style=.*?><span style=.*?>(.*?)</span></p>')
content_template_parse 2022-11-28 14:54:40,114  [INFO] {template_parse.py:374} find total new add instance -> 3822
content_template_parse 2022-11-28 14:54:40,116  [INFO] {template_parse.py:362} outside instance new add all -> 74,add pairs -> [('广东', 24), ('北京', 16), ('福建', 13), ('山东', 6), ('辽宁', 4), ('上海', 4), ('内蒙古', 3), ('江苏', 2), ('四川', 1), ('陕西', 1)],outside normal_2_postive -> 7, outside normal_2_positive -> [('广东', 3), ('内蒙古', 2), ('北京', 1), ('四川', 1)]
content_template_parse 2022-11-28 14:54:40,118  [INFO] {template_parse.py:362} local instance new add all -> 3748,add pairs -> [('广东', 1347), ('北京', 840), ('重庆', 238), ('山西', 162), ('河南', 157), ('四川', 157), ('云南', 133), ('内蒙古', 121), ('山东', 90), ('浙江', 65), ('福建', 56), ('黑龙江', 54), ('陕西', 54), ('辽宁', 50), ('河北', 40), ('江苏', 30), ('新疆', 24), ('湖南', 23), ('贵州', 22), ('湖北', 18), ('上海', 16), ('海南', 10), ('吉林', 8), ('安徽', 8), ('甘肃', 8), ('天津', 6), ('西藏', 5), ('青海', 4), ('广西', 2)],outside normal_2_postive -> 1244, outside normal_2_positive -> [('广东', 968), ('重庆', 73), ('云南', 40), ('北京', 28), ('浙江', 26), ('黑龙江', 23), ('四川', 21), ('山西', 18), ('甘肃', 8), ('福建', 7), ('江苏', 5), ('山东', 4), ('陕西', 4), ('青海', 4), ('河北', 3), ('内蒙古', 3), ('湖南', 3), ('广西', 2), ('海南', 2), ('贵州', 2)]
content_template_parse 2022-11-28 14:54:40,120  [INFO] {template_parse.py:419} dead new add size -> 0
content_template_parse 2022-11-28 14:54:40,143  [INFO] {template_parse.py:510} cure total -> 2103,outside -> 57,local -> 2046,detail pairs -> [('广东', 982), ('北京', 231), ('重庆', 213), ('四川', 152), ('内蒙古', 84), ('山西', 67), ('河南', 56), ('云南', 50), ('陕西', 40), ('江苏', 29), ('新疆', 23), ('浙江', 16), ('湖南', 16), ('辽宁', 12), ('贵州', 12), ('黑龙江', 10), ('山东', 9), ('河北', 8), ('福建', 8), ('海南', 8), ('甘肃', 5), ('青海', 5), ('上海', 4), ('安徽', 2), ('湖北', 2), ('广西', 2)],close obsevation -> 207918,severe illness -> -7
content_template_parse 2022-11-28 15:10:50,832  [INFO] {template_parse.py:157} re.compile('<li>  <a href=\\"(.*?)\\" target=\\"_blank\\" title=\\"(.*?)\\">.*?</a><span class=\\".*?\\">(.*?)</span></li>')
content_template_parse 2022-11-28 15:10:50,833  [INFO] {template_parse.py:162} re.compile('<li class=\\"line\\">  <a href=\\"(.*?)\\" target=\\"_blank\\" title=\\"(.*?)\\">.*?</a><span class=\\".*?\\">(.*?)</span></li>')
content_template_parse 2022-11-28 15:10:50,834  [INFO] {template_parse.py:167} re.compile('<script type=\\"text/javascript\\" src=\\"/xcs/xhtml/js/page\\.js\\"></script><script>window\\.onload=function\\(\\) \\{createPageHTML\\(\'page_div\',(\\d+), (\\d),\'list_gzbd\',\'shtml\',(\\d+)\\);\)
content_template_parse 2022-11-28 15:10:50,836  [INFO] {template_parse.py:177} re.compile('<p style=.*?><span style=.*?>(.*?)</span></p>')
content_template_parse 2022-11-28 15:11:52,441  [INFO] {template_parse.py:157} re.compile('<li>  <a href=\\"(.*?)\\" target=\\"_blank\\" title=\\"(.*?)\\">.*?</a><span class=\\".*?\\">(.*?)</span></li>')
content_template_parse 2022-11-28 15:11:52,442  [INFO] {template_parse.py:162} re.compile('<li class=\\"line\\">  <a href=\\"(.*?)\\" target=\\"_blank\\" title=\\"(.*?)\\">.*?</a><span class=\\".*?\\">(.*?)</span></li>')
content_template_parse 2022-11-28 15:11:52,442  [INFO] {template_parse.py:167} re.compile('<script type=\\"text/javascript\\" src=\\"/xcs/xhtml/js/page\\.js\\"></script><script>window\\.onload=function\\(\\) \\{createPageHTML\\(\'page_div\',(\\d+), (\\d),\'list_gzbd\',\'shtml\',(\\d+)\\);\)
content_template_parse 2022-11-28 15:11:52,443  [INFO] {template_parse.py:177} re.compile('<p style=.*?><span style=.*?>(.*?)</span></p>')
content_template_parse 2022-11-28 15:12:33,693  [INFO] {template_parse.py:157} re.compile('<li>  <a href=\\"(.*?)\\" target=\\"_blank\\" title=\\"(.*?)\\">.*?</a><span class=\\".*?\\">(.*?)</span></li>')
content_template_parse 2022-11-28 15:12:33,694  [INFO] {template_parse.py:162} re.compile('<li class=\\"line\\">  <a href=\\"(.*?)\\" target=\\"_blank\\" title=\\"(.*?)\\">.*?</a><span class=\\".*?\\">(.*?)</span></li>')
content_template_parse 2022-11-28 15:12:33,695  [INFO] {template_parse.py:167} re.compile('<script type=\\"text/javascript\\" src=\\"/xcs/xhtml/js/page\\.js\\"></script><script>window\\.onload=function\\(\\) \\{createPageHTML\\(\'page_div\',(\\d+), (\\d),\'list_gzbd\',\'shtml\',(\\d+)\\);\)
content_template_parse 2022-11-28 15:12:33,695  [INFO] {template_parse.py:177} re.compile('<p style=.*?><span style=.*?>(.*?)</span></p>')
content_template_parse 2022-11-28 15:12:44,261  [INFO] {template_parse.py:374} find total new add instance -> 3474
content_template_parse 2022-11-28 15:12:44,262  [INFO] {template_parse.py:362} outside instance new add all -> 69,add pairs -> [('广东', 25), ('江苏', 17), ('福建', 10), ('内蒙古', 3), ('上海', 3), ('重庆', 3), ('辽宁', 2), ('四川', 2), ('北京', 1), ('天津', 1), ('山东', 1), ('湖南', 1)],outside normal_2_postive -> 5, outside normal_2_positive -> [('北京', 1), ('内蒙古', 1), ('福建', 1), ('山东', 1), ('湖南', 1)]
content_template_parse 2022-11-28 15:12:44,263  [INFO] {template_parse.py:362} local instance new add all -> 3405,add pairs -> [('广东', 991), ('北京', 586), ('山西', 324), ('重庆', 199), ('河南', 186), ('四川', 159), ('黑龙江', 134), ('云南', 134), ('内蒙古', 116), ('山东', 110), ('河北', 101), ('辽宁', 50), ('福建', 45), ('陕西', 39), ('浙江', 34), ('贵州', 31), ('江苏', 29), ('湖南', 29), ('新疆', 21), ('广西', 13), ('海南', 13), ('湖北', 12), ('吉林', 11), ('上海', 11), ('青海', 7), ('天津', 6), ('江西', 6), ('甘肃', 5), ('西藏', 2), ('安徽', 1)],outside normal_2_postive -> 707, outside normal_2_positive -> [('广东', 485), ('重庆', 62), ('云南', 45), ('浙江', 20), ('北京', 19), ('山东', 16), ('四川', 10), ('黑龙江', 9), ('福建', 7), ('陕西', 6), ('河南', 5), ('甘肃', 5), ('青海', 4), ('山西', 3), ('海南', 3), ('河北', 2), ('内蒙古', 2), ('江苏', 2), ('辽宁', 1), ('贵州', 1)]
content_template_parse 2022-11-28 15:12:44,269  [INFO] {template_parse.py:419} dead new add size -> 0
content_template_parse 2022-11-28 15:12:44,293  [INFO] {template_parse.py:510} cure total -> 1893,outside -> 44,local -> 1849,detail pairs -> [('广东', 823), ('重庆', 263), ('内蒙古', 235), ('北京', 117), ('河南', 78), ('四川', 78), ('山西', 54), ('云南', 33), ('陕西', 30), ('浙江', 19), ('贵州', 15), ('新疆', 13), ('江苏', 12), ('黑龙江', 11), ('福建', 11), ('甘肃', 10), ('安徽', 8), ('山东', 7), ('湖南', 7), ('河北', 6), ('上海', 4), ('湖北', 4), ('西藏', 3), ('天津', 2), ('江西', 2), ('青海', 2), ('辽宁', 1), ('海南', 1)],close obsevation -> 172634,severe illness -> -9
content_template_parse 2022-11-28 15:14:14,956  [INFO] {template_parse.py:157} re.compile('<li>  <a href=\\"(.*?)\\" target=\\"_blank\\" title=\\"(.*?)\\">.*?</a><span class=\\".*?\\">(.*?)</span></li>')
content_template_parse 2022-11-28 15:14:14,958  [INFO] {template_parse.py:162} re.compile('<li class=\\"line\\">  <a href=\\"(.*?)\\" target=\\"_blank\\" title=\\"(.*?)\\">.*?</a><span class=\\".*?\\">(.*?)</span></li>')
content_template_parse 2022-11-28 15:14:14,961  [INFO] {template_parse.py:167} re.compile('<script type=\\"text/javascript\\" src=\\"/xcs/xhtml/js/page\\.js\\"></script><script>window\\.onload=function\\(\\) \\{createPageHTML\\(\'page_div\',(\\d+), (\\d),\'list_gzbd\',\'shtml\',(\\d+)\\);\)
content_template_parse 2022-11-28 15:14:14,963  [INFO] {template_parse.py:177} re.compile('<p style=.*?><span style=.*?>(.*?)</span></p>')
content_template_parse 2022-11-28 15:15:17,167  [INFO] {template_parse.py:157} re.compile('<li>  <a href=\\"(.*?)\\" target=\\"_blank\\" title=\\"(.*?)\\">.*?</a><span class=\\".*?\\">(.*?)</span></li>')
content_template_parse 2022-11-28 15:15:17,169  [INFO] {template_parse.py:162} re.compile('<li class=\\"line\\">  <a href=\\"(.*?)\\" target=\\"_blank\\" title=\\"(.*?)\\">.*?</a><span class=\\".*?\\">(.*?)</span></li>')
content_template_parse 2022-11-28 15:15:17,170  [INFO] {template_parse.py:167} re.compile('<script type=\\"text/javascript\\" src=\\"/xcs/xhtml/js/page\\.js\\"></script><script>window\\.onload=function\\(\\) \\{createPageHTML\\(\'page_div\',(\\d+), (\\d),\'list_gzbd\',\'shtml\',(\\d+)\\);\)
content_template_parse 2022-11-28 15:15:17,172  [INFO] {template_parse.py:177} re.compile('<p style=.*?><span style=.*?>(.*?)</span></p>')
content_template_parse 2022-11-28 15:16:40,264  [INFO] {template_parse.py:157} re.compile('<li>  <a href=\\"(.*?)\\" target=\\"_blank\\" title=\\"(.*?)\\">.*?</a><span class=\\".*?\\">(.*?)</span></li>')
content_template_parse 2022-11-28 15:16:40,265  [INFO] {template_parse.py:162} re.compile('<li class=\\"line\\">  <a href=\\"(.*?)\\" target=\\"_blank\\" title=\\"(.*?)\\">.*?</a><span class=\\".*?\\">(.*?)</span></li>')
content_template_parse 2022-11-28 15:16:40,265  [INFO] {template_parse.py:167} re.compile('<script type=\\"text/javascript\\" src=\\"/xcs/xhtml/js/page\\.js\\"></script><script>window\\.onload=function\\(\\) \\{createPageHTML\\(\'page_div\',(\\d+), (\\d),\'list_gzbd\',\'shtml\',(\\d+)\\);\)
content_template_parse 2022-11-28 15:16:40,266  [INFO] {template_parse.py:177} re.compile('<p style=.*?><span style=.*?>(.*?)</span></p>')
content_template_parse 2022-11-28 15:19:36,594  [INFO] {template_parse.py:157} re.compile('<li>  <a href=\\"(.*?)\\" target=\\"_blank\\" title=\\"(.*?)\\">.*?</a><span class=\\".*?\\">(.*?)</span></li>')
content_template_parse 2022-11-28 15:19:36,596  [INFO] {template_parse.py:162} re.compile('<li class=\\"line\\">  <a href=\\"(.*?)\\" target=\\"_blank\\" title=\\"(.*?)\\">.*?</a><span class=\\".*?\\">(.*?)</span></li>')
content_template_parse 2022-11-28 15:19:36,596  [INFO] {template_parse.py:167} re.compile('<script type=\\"text/javascript\\" src=\\"/xcs/xhtml/js/page\\.js\\"></script><script>window\\.onload=function\\(\\) \\{createPageHTML\\(\'page_div\',(\\d+), (\\d),\'list_gzbd\',\'shtml\',(\\d+)\\);\)
content_template_parse 2022-11-28 15:19:36,598  [INFO] {template_parse.py:177} re.compile('<p style=.*?><span style=.*?>(.*?)</span></p>')
content_template_parse 2022-11-28 15:19:47,670  [INFO] {template_parse.py:374} find total new add instance -> 3709
content_template_parse 2022-11-28 15:19:47,671  [INFO] {template_parse.py:362} outside instance new add all -> 61,add pairs -> [('广东', 23), ('上海', 8), ('福建', 8), ('山东', 5), ('重庆', 5), ('四川', 4), ('北京', 3), ('内蒙古', 2), ('江苏', 2), ('陕西', 1)],outside normal_2_postive -> 4, outside normal_2_positive -> [('福建', 2), ('广东', 1), ('重庆', 1)]
content_template_parse 2022-11-28 15:19:47,673  [INFO] {template_parse.py:362} local instance new add all -> 3648,add pairs -> [('广东', 1386), ('北京', 747), ('重庆', 194), ('山西', 189), ('河南', 169), ('黑龙江', 132), ('四川', 117), ('内蒙古', 104), ('山东', 93), ('云南', 83), ('河北', 79), ('浙江', 64), ('陕西', 51), ('辽宁', 46), ('福建', 36), ('贵州', 28), ('湖南', 26), ('江苏', 20), ('新疆', 20), ('上海', 11), ('安徽', 10), ('湖北', 8), ('海南', 7), ('青海', 7), ('广西', 5), ('甘肃', 5), ('吉林', 4), ('宁夏', 3), ('西藏', 2), ('天津', 1), ('江西', 1)],outside normal_2_postive -> 1334, outside normal_2_positive -> [('广东', 1058), ('北京', 62), ('重庆', 52), ('山西', 35), ('浙江', 31), ('黑龙江', 25), ('四川', 11), ('云南', 10), ('河南', 6), ('湖南', 6), ('陕西', 6), ('内蒙古', 5), ('甘肃', 5), ('福建', 4), ('山东', 4), ('广西', 4), ('青海', 4), ('河北', 2), ('辽宁', 2), ('贵州', 2)]
content_template_parse 2022-11-28 15:19:47,683  [INFO] {template_parse.py:419} dead new add size -> 1
content_template_parse 2022-11-28 15:19:47,701  [INFO] {template_parse.py:510} cure total -> 2043,outside -> 57,local -> 1986,detail pairs -> [('广东', 936), ('重庆', 222), ('北京', 216), ('四川', 112), ('内蒙古', 86), ('河南', 83), ('山西', 56), ('云南', 55), ('湖南', 49), ('陕西', 34), ('江苏', 32), ('新疆', 14), ('河北', 13), ('贵州', 12), ('辽宁', 10), ('黑龙江', 10), ('天津', 8), ('山东', 8), ('福建', 7), ('青海', 7), ('甘肃', 6), ('浙江', 3), ('湖北', 3), ('上海', 2), ('安徽', 1), ('宁夏', 1)],close obsevation -> 178073,severe illness -> -1
content_template_parse 2022-11-28 15:22:36,496  [INFO] {template_parse.py:157} re.compile('<li>  <a href=\\"(.*?)\\" target=\\"_blank\\" title=\\"(.*?)\\">.*?</a><span class=\\".*?\\">(.*?)</span></li>')
content_template_parse 2022-11-28 15:22:36,497  [INFO] {template_parse.py:162} re.compile('<li class=\\"line\\">  <a href=\\"(.*?)\\" target=\\"_blank\\" title=\\"(.*?)\\">.*?</a><span class=\\".*?\\">(.*?)</span></li>')
content_template_parse 2022-11-28 15:22:36,498  [INFO] {template_parse.py:167} re.compile('<script type=\\"text/javascript\\" src=\\"/xcs/xhtml/js/page\\.js\\"></script><script>window\\.onload=function\\(\\) \\{createPageHTML\\(\'page_div\',(\\d+), (\\d),\'list_gzbd\',\'shtml\',(\\d+)\\);\)
content_template_parse 2022-11-28 15:22:36,499  [INFO] {template_parse.py:177} re.compile('<p style=.*?><span style=.*?>(.*?)</span></p>')
content_template_parse 2022-11-28 15:22:47,024  [INFO] {template_parse.py:374} find total new add instance -> 3709
content_template_parse 2022-11-28 15:22:47,025  [INFO] {template_parse.py:362} outside instance new add all -> 61,add pairs -> [('广东', 23), ('上海', 8), ('福建', 8), ('山东', 5), ('重庆', 5), ('四川', 4), ('北京', 3), ('内蒙古', 2), ('江苏', 2), ('陕西', 1)],outside normal_2_postive -> 4, outside normal_2_positive -> [('福建', 2), ('广东', 1), ('重庆', 1)]
content_template_parse 2022-11-28 15:22:47,027  [INFO] {template_parse.py:362} local instance new add all -> 3648,add pairs -> [('广东', 1386), ('北京', 747), ('重庆', 194), ('山西', 189), ('河南', 169), ('黑龙江', 132), ('四川', 117), ('内蒙古', 104), ('山东', 93), ('云南', 83), ('河北', 79), ('浙江', 64), ('陕西', 51), ('辽宁', 46), ('福建', 36), ('贵州', 28), ('湖南', 26), ('江苏', 20), ('新疆', 20), ('上海', 11), ('安徽', 10), ('湖北', 8), ('海南', 7), ('青海', 7), ('广西', 5), ('甘肃', 5), ('吉林', 4), ('宁夏', 3), ('西藏', 2), ('天津', 1), ('江西', 1)],outside normal_2_postive -> 1334, outside normal_2_positive -> [('广东', 1058), ('北京', 62), ('重庆', 52), ('山西', 35), ('浙江', 31), ('黑龙江', 25), ('四川', 11), ('云南', 10), ('河南', 6), ('湖南', 6), ('陕西', 6), ('内蒙古', 5), ('甘肃', 5), ('福建', 4), ('山东', 4), ('广西', 4), ('青海', 4), ('河北', 2), ('辽宁', 2), ('贵州', 2)]
content_template_parse 2022-11-28 15:22:47,042  [INFO] {template_parse.py:419} dead new add size -> 1
content_template_parse 2022-11-28 15:22:47,078  [INFO] {template_parse.py:510} cure total -> 2043,outside -> 57,local -> 1986,detail pairs -> [('广东', 936), ('重庆', 222), ('北京', 216), ('四川', 112), ('内蒙古', 86), ('河南', 83), ('山西', 56), ('云南', 55), ('湖南', 49), ('陕西', 34), ('江苏', 32), ('新疆', 14), ('河北', 13), ('贵州', 12), ('辽宁', 10), ('黑龙江', 10), ('天津', 8), ('山东', 8), ('福建', 7), ('青海', 7), ('甘肃', 6), ('浙江', 3), ('湖北', 3), ('上海', 2), ('安徽', 1), ('宁夏', 1)],close obsevation -> 178073,severe illness -> -1
content_template_parse 2022-11-28 15:23:02,335  [INFO] {template_parse.py:374} find total new add instance -> 3474
content_template_parse 2022-11-28 15:23:02,338  [INFO] {template_parse.py:362} outside instance new add all -> 69,add pairs -> [('广东', 25), ('江苏', 17), ('福建', 10), ('内蒙古', 3), ('上海', 3), ('重庆', 3), ('辽宁', 2), ('四川', 2), ('北京', 1), ('天津', 1), ('山东', 1), ('湖南', 1)],outside normal_2_postive -> 5, outside normal_2_positive -> [('北京', 1), ('内蒙古', 1), ('福建', 1), ('山东', 1), ('湖南', 1)]
content_template_parse 2022-11-28 15:23:02,345  [INFO] {template_parse.py:362} local instance new add all -> 3405,add pairs -> [('广东', 991), ('北京', 586), ('山西', 324), ('重庆', 199), ('河南', 186), ('四川', 159), ('黑龙江', 134), ('云南', 134), ('内蒙古', 116), ('山东', 110), ('河北', 101), ('辽宁', 50), ('福建', 45), ('陕西', 39), ('浙江', 34), ('贵州', 31), ('江苏', 29), ('湖南', 29), ('新疆', 21), ('广西', 13), ('海南', 13), ('湖北', 12), ('吉林', 11), ('上海', 11), ('青海', 7), ('天津', 6), ('江西', 6), ('甘肃', 5), ('西藏', 2), ('安徽', 1)],outside normal_2_postive -> 707, outside normal_2_positive -> [('广东', 485), ('重庆', 62), ('云南', 45), ('浙江', 20), ('北京', 19), ('山东', 16), ('四川', 10), ('黑龙江', 9), ('福建', 7), ('陕西', 6), ('河南', 5), ('甘肃', 5), ('青海', 4), ('山西', 3), ('海南', 3), ('河北', 2), ('内蒙古', 2), ('江苏', 2), ('辽宁', 1), ('贵州', 1)]
content_template_parse 2022-11-28 15:23:02,362  [INFO] {template_parse.py:419} dead new add size -> 0
content_template_parse 2022-11-28 15:23:02,398  [INFO] {template_parse.py:510} cure total -> 1893,outside -> 44,local -> 1849,detail pairs -> [('广东', 823), ('重庆', 263), ('内蒙古', 235), ('北京', 117), ('河南', 78), ('四川', 78), ('山西', 54), ('云南', 33), ('陕西', 30), ('浙江', 19), ('贵州', 15), ('新疆', 13), ('江苏', 12), ('黑龙江', 11), ('福建', 11), ('甘肃', 10), ('安徽', 8), ('山东', 7), ('湖南', 7), ('河北', 6), ('上海', 4), ('湖北', 4), ('西藏', 3), ('天津', 2), ('江西', 2), ('青海', 2), ('辽宁', 1), ('海南', 1)],close obsevation -> 172634,severe illness -> -9
content_template_parse 2022-11-28 15:23:09,659  [INFO] {template_parse.py:374} find total new add instance -> 3103
content_template_parse 2022-11-28 15:23:09,661  [INFO] {template_parse.py:362} outside instance new add all -> 62,add pairs -> [('广东', 23), ('福建', 10), ('上海', 9), ('北京', 8), ('陕西', 4), ('山东', 2), ('重庆', 2), ('内蒙古', 1), ('江苏', 1), ('四川', 1), ('云南', 1)],outside normal_2_postive -> 2, outside normal_2_positive -> [('北京', 1), ('福建', 1)]
content_template_parse 2022-11-28 15:23:09,667  [INFO] {template_parse.py:362} local instance new add all -> 3041,add pairs -> [('广东', 892), ('北京', 424), ('河北', 329), ('重庆', 258), ('山西', 208), ('河南', 140), ('四川', 123), ('黑龙江', 108), ('山东', 88), ('内蒙古', 85), ('浙江', 51), ('云南', 47), ('贵州', 42), ('福建', 41), ('江苏', 32), ('陕西', 30), ('湖南', 29), ('辽宁', 24), ('新疆', 20), ('湖北', 12), ('上海', 9), ('江西', 9), ('青海', 9), ('吉林', 8), ('甘肃', 6), ('安徽', 5), ('海南', 5), ('天津', 3), ('广西', 2), ('西藏', 2)],outside normal_2_postive -> 708, outside normal_2_positive -> [('广东', 497), ('重庆', 122), ('浙江', 19), ('四川', 15), ('湖南', 8), ('山东', 7), ('北京', 6), ('黑龙江', 6), ('甘肃', 6), ('云南', 4), ('山西', 3), ('青海', 3), ('江苏', 2), ('福建', 2), ('河南', 2), ('河北', 1), ('内蒙古', 1), ('广西', 1), ('海南', 1), ('贵州', 1), ('陕西', 1)]
content_template_parse 2022-11-28 15:23:09,676  [INFO] {template_parse.py:419} dead new add size -> 0
content_template_parse 2022-11-28 15:23:09,694  [INFO] {template_parse.py:510} cure total -> 1752,outside -> 50,local -> 1702,detail pairs -> [('广东', 980), ('重庆', 162), ('北京', 129), ('内蒙古', 116), ('四川', 91), ('山西', 42), ('河南', 39), ('陕西', 19), ('贵州', 15), ('新疆', 15), ('江苏', 14), ('云南', 12), ('甘肃', 10), ('福建', 9), ('青海', 9), ('河北', 7), ('湖南', 6), ('黑龙江', 5), ('浙江', 4), ('山东', 4), ('海南', 4), ('西藏', 4), ('上海', 2), ('湖北', 2), ('辽宁', 1), ('安徽', 1)],close obsevation -> 144352,severe illness -> 5
content_template_parse 2022-11-28 15:23:17,910  [INFO] {template_parse.py:374} find total new add instance -> 4010
content_template_parse 2022-11-28 15:23:17,912  [INFO] {template_parse.py:362} outside instance new add all -> 83,add pairs -> [('江苏', 26), ('广东', 19), ('北京', 8), ('福建', 7), ('四川', 6), ('上海', 4), ('重庆', 4), ('云南', 4), ('陕西', 3), ('内蒙古', 1), ('浙江', 1)],outside normal_2_postive -> 8, outside normal_2_positive -> [('广东', 3), ('云南', 2), ('浙江', 1), ('福建', 1), ('四川', 1)]
content_template_parse 2022-11-28 15:23:17,918  [INFO] {template_parse.py:362} local instance new add all -> 3927,add pairs -> [('广东', 1791), ('北京', 509), ('重庆', 409), ('山西', 247), ('四川', 194), ('河南', 159), ('黑龙江', 98), ('内蒙古', 87), ('河北', 64), ('山东', 52), ('辽宁', 39), ('陕西', 37), ('浙江', 35), ('贵州', 34), ('江苏', 28), ('福建', 28), ('湖南', 23), ('云南', 23), ('新疆', 18), ('上海', 9), ('湖北', 9), ('青海', 8), ('吉林', 7), ('甘肃', 7), ('海南', 5), ('广西', 3), ('安徽', 2), ('天津', 1), ('江西', 1)],outside normal_2_postive -> 1690, outside normal_2_positive -> [('广东', 1242), ('重庆', 298), ('北京', 37), ('浙江', 18), ('山西', 11), ('四川', 11), ('湖南', 10), ('黑龙江', 9), ('河南', 8), ('陕西', 8), ('青海', 8), ('甘肃', 7), ('河北', 4), ('江苏', 4), ('福建', 4), ('云南', 4), ('广西', 3), ('内蒙古', 2), ('山东', 1), ('贵州', 1)]
content_template_parse 2022-11-28 15:23:17,926  [INFO] {template_parse.py:419} dead new add size -> 1
content_template_parse 2022-11-28 15:23:17,943  [INFO] {template_parse.py:510} cure total -> 1826,outside -> 67,local -> 1759,detail pairs -> [('广东', 821), ('重庆', 220), ('内蒙古', 196), ('北京', 181), ('河南', 94), ('四川', 47), ('山西', 40), ('陕西', 35), ('江苏', 17), ('云南', 16), ('新疆', 15), ('贵州', 14), ('甘肃', 13), ('青海', 12), ('浙江', 7), ('黑龙江', 6), ('福建', 6), ('辽宁', 5), ('山东', 5), ('湖南', 5), ('河北', 2), ('江西', 1), ('宁夏', 1)],close obsevation -> 141582,severe illness -> 3
