wjw_template_parser 2022-11-28 02:50:31,890  [INFO] {template_parse.py:157} re.compile('<li>  <a href=\\"(.*?)\\" target=\\"_blank\\" title=\\"(.*?)\\">.*?</a><span class=\\".*?\\">(.*?)</span></li>')
wjw_template_parser 2022-11-28 02:50:31,891  [INFO] {template_parse.py:162} re.compile('<li class=\\"line\\">  <a href=\\"(.*?)\\" target=\\"_blank\\" title=\\"(.*?)\\">.*?</a><span class=\\".*?\\">(.*?)</span></li>')
wjw_template_parser 2022-11-28 02:50:31,892  [INFO] {template_parse.py:167} re.compile('<script type=\\"text/javascript\\" src=\\"/xcs/xhtml/js/page\\.js\\"></script><script>window\\.onload=function\\(\\) \\{createPageHTML\\(\'page_div\',(\\d+), (\\d),\'list_gzbd\',\'shtml\',(\\d+)\\);\)
wjw_template_parser 2022-11-28 02:50:31,893  [INFO] {template_parse.py:177} re.compile('<p style=.*?><span style=.*?>(.*?)</span></p>')
wjw_template_parser 2022-11-28 02:50:31,903  [INFO] {template_parse.py:374} find total new add instance -> 3474
wjw_template_parser 2022-11-28 02:50:31,904  [INFO] {template_parse.py:362} outside instance new add all -> 69,add pairs -> [('广东', 25), ('江苏', 17), ('福建', 10), ('内蒙古', 3), ('上海', 3), ('重庆', 3), ('辽宁', 2), ('四川', 2), ('北京', 1), ('天津', 1), ('山东', 1), ('湖南', 1)],outside normal_2_postive -> 5, outside normal_2_positive -> [('北京', 1), ('内蒙古', 1), ('福建', 1), ('山东', 1), ('湖南', 1)]
wjw_template_parser 2022-11-28 02:50:31,905  [INFO] {template_parse.py:362} local instance new add all -> 3405,add pairs -> [('广东', 991), ('北京', 586), ('山西', 324), ('重庆', 199), ('河南', 186), ('四川', 159), ('黑龙江', 134), ('云南', 134), ('内蒙古', 116), ('山东', 110), ('河北', 101), ('辽宁', 50), ('福建', 45), ('陕西', 39), ('浙江', 34), ('贵州', 31), ('江苏', 29), ('湖南', 29), ('新疆', 21), ('广西', 13), ('海南', 13), ('湖北', 12), ('吉林', 11), ('上海', 11), ('青海', 7), ('天津', 6), ('江西', 6), ('甘肃', 5), ('西藏', 2), ('安徽', 1)],outside normal_2_postive -> 707, outside normal_2_positive -> [('广东', 485), ('重庆', 62), ('云南', 45), ('浙江', 20), ('北京', 19), ('山东', 16), ('四川', 10), ('黑龙江', 9), ('福建', 7), ('陕西', 6), ('河南', 5), ('甘肃', 5), ('青海', 4), ('山西', 3), ('海南', 3), ('河北', 2), ('内蒙古', 2), ('江苏', 2), ('辽宁', 1), ('贵州', 1)]
wjw_template_parser 2022-11-28 02:50:31,907  [INFO] {template_parse.py:419} dead new add size -> 0
wjw_template_parser 2022-11-28 02:50:31,907  [INFO] {template_parse.py:450} maybe new add size -> 5,outside -> 3,local -> 2
wjw_template_parser 2022-11-28 02:50:31,942  [INFO] {template_parse.py:508} cure total -> 1893,outside -> 44,local -> 1849,detail pairs -> [('广东', 823), ('重庆', 263), ('内蒙古', 235), ('北京', 117), ('河南', 78), ('四川', 78), ('山西', 54), ('云南', 33), ('陕西', 30), ('浙江', 19), ('贵州', 15), ('新疆', 13), ('江苏', 12), ('黑龙江', 11), ('福建', 11), ('甘肃', 10), ('安徽', 8), ('山东', 7), ('湖南', 7), ('河北', 6), ('上海', 4), ('湖北', 4), ('西藏', 3), ('天津', 2), ('江西', 2), ('青海', 2), ('辽宁', 1), ('海南', 1)],close obsevation -> 172634,severe illness -> -9
wjw_template_parser 2022-11-28 02:51:19,128  [INFO] {template_parse.py:157} re.compile('<li>  <a href=\\"(.*?)\\" target=\\"_blank\\" title=\\"(.*?)\\">.*?</a><span class=\\".*?\\">(.*?)</span></li>')
wjw_template_parser 2022-11-28 02:51:19,130  [INFO] {template_parse.py:162} re.compile('<li class=\\"line\\">  <a href=\\"(.*?)\\" target=\\"_blank\\" title=\\"(.*?)\\">.*?</a><span class=\\".*?\\">(.*?)</span></li>')
wjw_template_parser 2022-11-28 02:51:19,132  [INFO] {template_parse.py:167} re.compile('<script type=\\"text/javascript\\" src=\\"/xcs/xhtml/js/page\\.js\\"></script><script>window\\.onload=function\\(\\) \\{createPageHTML\\(\'page_div\',(\\d+), (\\d),\'list_gzbd\',\'shtml\',(\\d+)\\);\)
wjw_template_parser 2022-11-28 02:51:19,133  [INFO] {template_parse.py:177} re.compile('<p style=.*?><span style=.*?>(.*?)</span></p>')
wjw_template_parser 2022-11-28 02:51:19,145  [INFO] {template_parse.py:374} find total new add instance -> 3474
wjw_template_parser 2022-11-28 02:51:19,146  [INFO] {template_parse.py:362} outside instance new add all -> 69,add pairs -> [('广东', 25), ('江苏', 17), ('福建', 10), ('内蒙古', 3), ('上海', 3), ('重庆', 3), ('辽宁', 2), ('四川', 2), ('北京', 1), ('天津', 1), ('山东', 1), ('湖南', 1)],outside normal_2_postive -> 5, outside normal_2_positive -> [('北京', 1), ('内蒙古', 1), ('福建', 1), ('山东', 1), ('湖南', 1)]
wjw_template_parser 2022-11-28 02:51:19,147  [INFO] {template_parse.py:362} local instance new add all -> 3405,add pairs -> [('广东', 991), ('北京', 586), ('山西', 324), ('重庆', 199), ('河南', 186), ('四川', 159), ('黑龙江', 134), ('云南', 134), ('内蒙古', 116), ('山东', 110), ('河北', 101), ('辽宁', 50), ('福建', 45), ('陕西', 39), ('浙江', 34), ('贵州', 31), ('江苏', 29), ('湖南', 29), ('新疆', 21), ('广西', 13), ('海南', 13), ('湖北', 12), ('吉林', 11), ('上海', 11), ('青海', 7), ('天津', 6), ('江西', 6), ('甘肃', 5), ('西藏', 2), ('安徽', 1)],outside normal_2_postive -> 707, outside normal_2_positive -> [('广东', 485), ('重庆', 62), ('云南', 45), ('浙江', 20), ('北京', 19), ('山东', 16), ('四川', 10), ('黑龙江', 9), ('福建', 7), ('陕西', 6), ('河南', 5), ('甘肃', 5), ('青海', 4), ('山西', 3), ('海南', 3), ('河北', 2), ('内蒙古', 2), ('江苏', 2), ('辽宁', 1), ('贵州', 1)]
wjw_template_parser 2022-11-28 02:51:19,148  [INFO] {template_parse.py:419} dead new add size -> 0
wjw_template_parser 2022-11-28 02:51:19,149  [INFO] {template_parse.py:450} maybe new add size -> 5,outside -> 3,local -> 2
wjw_template_parser 2022-11-28 02:51:19,185  [INFO] {template_parse.py:508} cure total -> 1893,outside -> 44,local -> 1849,detail pairs -> [('广东', 823), ('重庆', 263), ('内蒙古', 235), ('北京', 117), ('河南', 78), ('四川', 78), ('山西', 54), ('云南', 33), ('陕西', 30), ('浙江', 19), ('贵州', 15), ('新疆', 13), ('江苏', 12), ('黑龙江', 11), ('福建', 11), ('甘肃', 10), ('安徽', 8), ('山东', 7), ('湖南', 7), ('河北', 6), ('上海', 4), ('湖北', 4), ('西藏', 3), ('天津', 2), ('江西', 2), ('青海', 2), ('辽宁', 1), ('海南', 1)],close obsevation -> 172634,severe illness -> -9
wjw_template_parser 2022-11-28 02:51:46,623  [INFO] {template_parse.py:157} re.compile('<li>  <a href=\\"(.*?)\\" target=\\"_blank\\" title=\\"(.*?)\\">.*?</a><span class=\\".*?\\">(.*?)</span></li>')
wjw_template_parser 2022-11-28 02:51:46,623  [INFO] {template_parse.py:162} re.compile('<li class=\\"line\\">  <a href=\\"(.*?)\\" target=\\"_blank\\" title=\\"(.*?)\\">.*?</a><span class=\\".*?\\">(.*?)</span></li>')
wjw_template_parser 2022-11-28 02:51:46,624  [INFO] {template_parse.py:167} re.compile('<script type=\\"text/javascript\\" src=\\"/xcs/xhtml/js/page\\.js\\"></script><script>window\\.onload=function\\(\\) \\{createPageHTML\\(\'page_div\',(\\d+), (\\d),\'list_gzbd\',\'shtml\',(\\d+)\\);\)
wjw_template_parser 2022-11-28 02:51:46,625  [INFO] {template_parse.py:177} re.compile('<p style=.*?><span style=.*?>(.*?)</span></p>')
wjw_template_parser 2022-11-28 02:51:46,632  [INFO] {template_parse.py:374} find total new add instance -> 3474
wjw_template_parser 2022-11-28 02:51:46,633  [INFO] {template_parse.py:362} outside instance new add all -> 69,add pairs -> [('广东', 25), ('江苏', 17), ('福建', 10), ('内蒙古', 3), ('上海', 3), ('重庆', 3), ('辽宁', 2), ('四川', 2), ('北京', 1), ('天津', 1), ('山东', 1), ('湖南', 1)],outside normal_2_postive -> 5, outside normal_2_positive -> [('北京', 1), ('内蒙古', 1), ('福建', 1), ('山东', 1), ('湖南', 1)]
wjw_template_parser 2022-11-28 02:51:46,633  [INFO] {template_parse.py:362} local instance new add all -> 3405,add pairs -> [('广东', 991), ('北京', 586), ('山西', 324), ('重庆', 199), ('河南', 186), ('四川', 159), ('黑龙江', 134), ('云南', 134), ('内蒙古', 116), ('山东', 110), ('河北', 101), ('辽宁', 50), ('福建', 45), ('陕西', 39), ('浙江', 34), ('贵州', 31), ('江苏', 29), ('湖南', 29), ('新疆', 21), ('广西', 13), ('海南', 13), ('湖北', 12), ('吉林', 11), ('上海', 11), ('青海', 7), ('天津', 6), ('江西', 6), ('甘肃', 5), ('西藏', 2), ('安徽', 1)],outside normal_2_postive -> 707, outside normal_2_positive -> [('广东', 485), ('重庆', 62), ('云南', 45), ('浙江', 20), ('北京', 19), ('山东', 16), ('四川', 10), ('黑龙江', 9), ('福建', 7), ('陕西', 6), ('河南', 5), ('甘肃', 5), ('青海', 4), ('山西', 3), ('海南', 3), ('河北', 2), ('内蒙古', 2), ('江苏', 2), ('辽宁', 1), ('贵州', 1)]
wjw_template_parser 2022-11-28 02:51:46,636  [INFO] {template_parse.py:419} dead new add size -> 0
wjw_template_parser 2022-11-28 02:51:46,636  [INFO] {template_parse.py:450} maybe new add size -> 5,outside -> 3,local -> 2
wjw_template_parser 2022-11-28 02:51:46,668  [INFO] {template_parse.py:508} cure total -> 1893,outside -> 44,local -> 1849,detail pairs -> [('广东', 823), ('重庆', 263), ('内蒙古', 235), ('北京', 117), ('河南', 78), ('四川', 78), ('山西', 54), ('云南', 33), ('陕西', 30), ('浙江', 19), ('贵州', 15), ('新疆', 13), ('江苏', 12), ('黑龙江', 11), ('福建', 11), ('甘肃', 10), ('安徽', 8), ('山东', 7), ('湖南', 7), ('河北', 6), ('上海', 4), ('湖北', 4), ('西藏', 3), ('天津', 2), ('江西', 2), ('青海', 2), ('辽宁', 1), ('海南', 1)],close obsevation -> 172634,severe illness -> -9
wjw_template_parser 2022-11-28 02:52:22,696  [INFO] {template_parse.py:157} re.compile('<li>  <a href=\\"(.*?)\\" target=\\"_blank\\" title=\\"(.*?)\\">.*?</a><span class=\\".*?\\">(.*?)</span></li>')
wjw_template_parser 2022-11-28 02:52:22,698  [INFO] {template_parse.py:162} re.compile('<li class=\\"line\\">  <a href=\\"(.*?)\\" target=\\"_blank\\" title=\\"(.*?)\\">.*?</a><span class=\\".*?\\">(.*?)</span></li>')
wjw_template_parser 2022-11-28 02:52:22,699  [INFO] {template_parse.py:167} re.compile('<script type=\\"text/javascript\\" src=\\"/xcs/xhtml/js/page\\.js\\"></script><script>window\\.onload=function\\(\\) \\{createPageHTML\\(\'page_div\',(\\d+), (\\d),\'list_gzbd\',\'shtml\',(\\d+)\\);\)
wjw_template_parser 2022-11-28 02:52:22,700  [INFO] {template_parse.py:177} re.compile('<p style=.*?><span style=.*?>(.*?)</span></p>')
wjw_template_parser 2022-11-28 02:52:22,709  [INFO] {template_parse.py:374} find total new add instance -> 3474
wjw_template_parser 2022-11-28 02:52:22,710  [INFO] {template_parse.py:362} outside instance new add all -> 69,add pairs -> [('广东', 25), ('江苏', 17), ('福建', 10), ('内蒙古', 3), ('上海', 3), ('重庆', 3), ('辽宁', 2), ('四川', 2), ('北京', 1), ('天津', 1), ('山东', 1), ('湖南', 1)],outside normal_2_postive -> 5, outside normal_2_positive -> [('北京', 1), ('内蒙古', 1), ('福建', 1), ('山东', 1), ('湖南', 1)]
wjw_template_parser 2022-11-28 02:52:22,710  [INFO] {template_parse.py:362} local instance new add all -> 3405,add pairs -> [('广东', 991), ('北京', 586), ('山西', 324), ('重庆', 199), ('河南', 186), ('四川', 159), ('黑龙江', 134), ('云南', 134), ('内蒙古', 116), ('山东', 110), ('河北', 101), ('辽宁', 50), ('福建', 45), ('陕西', 39), ('浙江', 34), ('贵州', 31), ('江苏', 29), ('湖南', 29), ('新疆', 21), ('广西', 13), ('海南', 13), ('湖北', 12), ('吉林', 11), ('上海', 11), ('青海', 7), ('天津', 6), ('江西', 6), ('甘肃', 5), ('西藏', 2), ('安徽', 1)],outside normal_2_postive -> 707, outside normal_2_positive -> [('广东', 485), ('重庆', 62), ('云南', 45), ('浙江', 20), ('北京', 19), ('山东', 16), ('四川', 10), ('黑龙江', 9), ('福建', 7), ('陕西', 6), ('河南', 5), ('甘肃', 5), ('青海', 4), ('山西', 3), ('海南', 3), ('河北', 2), ('内蒙古', 2), ('江苏', 2), ('辽宁', 1), ('贵州', 1)]
wjw_template_parser 2022-11-28 02:52:22,711  [INFO] {template_parse.py:419} dead new add size -> 0
wjw_template_parser 2022-11-28 02:52:22,712  [INFO] {template_parse.py:450} maybe new add size -> 5,outside -> 3,local -> 2
wjw_template_parser 2022-11-28 02:52:22,741  [INFO] {template_parse.py:508} cure total -> 1893,outside -> 44,local -> 1849,detail pairs -> [('广东', 823), ('重庆', 263), ('内蒙古', 235), ('北京', 117), ('河南', 78), ('四川', 78), ('山西', 54), ('云南', 33), ('陕西', 30), ('浙江', 19), ('贵州', 15), ('新疆', 13), ('江苏', 12), ('黑龙江', 11), ('福建', 11), ('甘肃', 10), ('安徽', 8), ('山东', 7), ('湖南', 7), ('河北', 6), ('上海', 4), ('湖北', 4), ('西藏', 3), ('天津', 2), ('江西', 2), ('青海', 2), ('辽宁', 1), ('海南', 1)],close obsevation -> 172634,severe illness -> -9
wjw_template_parser 2022-11-28 02:52:43,782  [INFO] {template_parse.py:157} re.compile('<li>  <a href=\\"(.*?)\\" target=\\"_blank\\" title=\\"(.*?)\\">.*?</a><span class=\\".*?\\">(.*?)</span></li>')
wjw_template_parser 2022-11-28 02:52:43,783  [INFO] {template_parse.py:162} re.compile('<li class=\\"line\\">  <a href=\\"(.*?)\\" target=\\"_blank\\" title=\\"(.*?)\\">.*?</a><span class=\\".*?\\">(.*?)</span></li>')
wjw_template_parser 2022-11-28 02:52:43,785  [INFO] {template_parse.py:167} re.compile('<script type=\\"text/javascript\\" src=\\"/xcs/xhtml/js/page\\.js\\"></script><script>window\\.onload=function\\(\\) \\{createPageHTML\\(\'page_div\',(\\d+), (\\d),\'list_gzbd\',\'shtml\',(\\d+)\\);\)
wjw_template_parser 2022-11-28 02:52:43,786  [INFO] {template_parse.py:177} re.compile('<p style=.*?><span style=.*?>(.*?)</span></p>')
wjw_template_parser 2022-11-28 02:52:43,794  [INFO] {template_parse.py:374} find total new add instance -> 3474
wjw_template_parser 2022-11-28 02:52:43,794  [INFO] {template_parse.py:362} outside instance new add all -> 69,add pairs -> [('广东', 25), ('江苏', 17), ('福建', 10), ('内蒙古', 3), ('上海', 3), ('重庆', 3), ('辽宁', 2), ('四川', 2), ('北京', 1), ('天津', 1), ('山东', 1), ('湖南', 1)],outside normal_2_postive -> 5, outside normal_2_positive -> [('北京', 1), ('内蒙古', 1), ('福建', 1), ('山东', 1), ('湖南', 1)]
wjw_template_parser 2022-11-28 02:52:43,796  [INFO] {template_parse.py:362} local instance new add all -> 3405,add pairs -> [('广东', 991), ('北京', 586), ('山西', 324), ('重庆', 199), ('河南', 186), ('四川', 159), ('黑龙江', 134), ('云南', 134), ('内蒙古', 116), ('山东', 110), ('河北', 101), ('辽宁', 50), ('福建', 45), ('陕西', 39), ('浙江', 34), ('贵州', 31), ('江苏', 29), ('湖南', 29), ('新疆', 21), ('广西', 13), ('海南', 13), ('湖北', 12), ('吉林', 11), ('上海', 11), ('青海', 7), ('天津', 6), ('江西', 6), ('甘肃', 5), ('西藏', 2), ('安徽', 1)],outside normal_2_postive -> 707, outside normal_2_positive -> [('广东', 485), ('重庆', 62), ('云南', 45), ('浙江', 20), ('北京', 19), ('山东', 16), ('四川', 10), ('黑龙江', 9), ('福建', 7), ('陕西', 6), ('河南', 5), ('甘肃', 5), ('青海', 4), ('山西', 3), ('海南', 3), ('河北', 2), ('内蒙古', 2), ('江苏', 2), ('辽宁', 1), ('贵州', 1)]
wjw_template_parser 2022-11-28 02:52:43,797  [INFO] {template_parse.py:419} dead new add size -> 0
wjw_template_parser 2022-11-28 02:52:43,798  [INFO] {template_parse.py:450} maybe new add size -> 5,outside -> 3,local -> 2
wjw_template_parser 2022-11-28 02:52:43,833  [INFO] {template_parse.py:508} cure total -> 1893,outside -> 44,local -> 1849,detail pairs -> [('广东', 823), ('重庆', 263), ('内蒙古', 235), ('北京', 117), ('河南', 78), ('四川', 78), ('山西', 54), ('云南', 33), ('陕西', 30), ('浙江', 19), ('贵州', 15), ('新疆', 13), ('江苏', 12), ('黑龙江', 11), ('福建', 11), ('甘肃', 10), ('安徽', 8), ('山东', 7), ('湖南', 7), ('河北', 6), ('上海', 4), ('湖北', 4), ('西藏', 3), ('天津', 2), ('江西', 2), ('青海', 2), ('辽宁', 1), ('海南', 1)],close obsevation -> 172634,severe illness -> -9
wjw_template_parser 2022-11-28 02:53:27,574  [INFO] {template_parse.py:157} re.compile('<li>  <a href=\\"(.*?)\\" target=\\"_blank\\" title=\\"(.*?)\\">.*?</a><span class=\\".*?\\">(.*?)</span></li>')
wjw_template_parser 2022-11-28 02:53:27,575  [INFO] {template_parse.py:162} re.compile('<li class=\\"line\\">  <a href=\\"(.*?)\\" target=\\"_blank\\" title=\\"(.*?)\\">.*?</a><span class=\\".*?\\">(.*?)</span></li>')
wjw_template_parser 2022-11-28 02:53:27,576  [INFO] {template_parse.py:167} re.compile('<script type=\\"text/javascript\\" src=\\"/xcs/xhtml/js/page\\.js\\"></script><script>window\\.onload=function\\(\\) \\{createPageHTML\\(\'page_div\',(\\d+), (\\d),\'list_gzbd\',\'shtml\',(\\d+)\\);\)
wjw_template_parser 2022-11-28 02:53:27,577  [INFO] {template_parse.py:177} re.compile('<p style=.*?><span style=.*?>(.*?)</span></p>')
wjw_template_parser 2022-11-28 02:53:27,592  [INFO] {template_parse.py:374} find total new add instance -> 3474
wjw_template_parser 2022-11-28 02:53:27,593  [INFO] {template_parse.py:362} outside instance new add all -> 69,add pairs -> [('广东', 25), ('江苏', 17), ('福建', 10), ('内蒙古', 3), ('上海', 3), ('重庆', 3), ('辽宁', 2), ('四川', 2), ('北京', 1), ('天津', 1), ('山东', 1), ('湖南', 1)],outside normal_2_postive -> 5, outside normal_2_positive -> [('北京', 1), ('内蒙古', 1), ('福建', 1), ('山东', 1), ('湖南', 1)]
wjw_template_parser 2022-11-28 02:53:27,594  [INFO] {template_parse.py:362} local instance new add all -> 3405,add pairs -> [('广东', 991), ('北京', 586), ('山西', 324), ('重庆', 199), ('河南', 186), ('四川', 159), ('黑龙江', 134), ('云南', 134), ('内蒙古', 116), ('山东', 110), ('河北', 101), ('辽宁', 50), ('福建', 45), ('陕西', 39), ('浙江', 34), ('贵州', 31), ('江苏', 29), ('湖南', 29), ('新疆', 21), ('广西', 13), ('海南', 13), ('湖北', 12), ('吉林', 11), ('上海', 11), ('青海', 7), ('天津', 6), ('江西', 6), ('甘肃', 5), ('西藏', 2), ('安徽', 1)],outside normal_2_postive -> 707, outside normal_2_positive -> [('广东', 485), ('重庆', 62), ('云南', 45), ('浙江', 20), ('北京', 19), ('山东', 16), ('四川', 10), ('黑龙江', 9), ('福建', 7), ('陕西', 6), ('河南', 5), ('甘肃', 5), ('青海', 4), ('山西', 3), ('海南', 3), ('河北', 2), ('内蒙古', 2), ('江苏', 2), ('辽宁', 1), ('贵州', 1)]
wjw_template_parser 2022-11-28 02:53:27,596  [INFO] {template_parse.py:419} dead new add size -> 0
wjw_template_parser 2022-11-28 02:53:27,597  [INFO] {template_parse.py:450} maybe new add size -> 5,outside -> 3,local -> 2
wjw_template_parser 2022-11-28 02:53:27,632  [INFO] {template_parse.py:508} cure total -> 1893,outside -> 44,local -> 1849,detail pairs -> [('广东', 823), ('重庆', 263), ('内蒙古', 235), ('北京', 117), ('河南', 78), ('四川', 78), ('山西', 54), ('云南', 33), ('陕西', 30), ('浙江', 19), ('贵州', 15), ('新疆', 13), ('江苏', 12), ('黑龙江', 11), ('福建', 11), ('甘肃', 10), ('安徽', 8), ('山东', 7), ('湖南', 7), ('河北', 6), ('上海', 4), ('湖北', 4), ('西藏', 3), ('天津', 2), ('江西', 2), ('青海', 2), ('辽宁', 1), ('海南', 1)],close obsevation -> 172634,severe illness -> -9
wjw_template_parser 2022-11-28 02:54:35,987  [INFO] {template_parse.py:157} re.compile('<li>  <a href=\\"(.*?)\\" target=\\"_blank\\" title=\\"(.*?)\\">.*?</a><span class=\\".*?\\">(.*?)</span></li>')
wjw_template_parser 2022-11-28 02:54:35,988  [INFO] {template_parse.py:162} re.compile('<li class=\\"line\\">  <a href=\\"(.*?)\\" target=\\"_blank\\" title=\\"(.*?)\\">.*?</a><span class=\\".*?\\">(.*?)</span></li>')
wjw_template_parser 2022-11-28 02:54:35,989  [INFO] {template_parse.py:167} re.compile('<script type=\\"text/javascript\\" src=\\"/xcs/xhtml/js/page\\.js\\"></script><script>window\\.onload=function\\(\\) \\{createPageHTML\\(\'page_div\',(\\d+), (\\d),\'list_gzbd\',\'shtml\',(\\d+)\\);\)
wjw_template_parser 2022-11-28 02:54:35,989  [INFO] {template_parse.py:177} re.compile('<p style=.*?><span style=.*?>(.*?)</span></p>')
wjw_template_parser 2022-11-28 02:54:35,997  [INFO] {template_parse.py:374} find total new add instance -> 3474
wjw_template_parser 2022-11-28 02:54:35,998  [INFO] {template_parse.py:362} outside instance new add all -> 69,add pairs -> [('广东', 25), ('江苏', 17), ('福建', 10), ('内蒙古', 3), ('上海', 3), ('重庆', 3), ('辽宁', 2), ('四川', 2), ('北京', 1), ('天津', 1), ('山东', 1), ('湖南', 1)],outside normal_2_postive -> 5, outside normal_2_positive -> [('北京', 1), ('内蒙古', 1), ('福建', 1), ('山东', 1), ('湖南', 1)]
wjw_template_parser 2022-11-28 02:54:35,999  [INFO] {template_parse.py:362} local instance new add all -> 3405,add pairs -> [('广东', 991), ('北京', 586), ('山西', 324), ('重庆', 199), ('河南', 186), ('四川', 159), ('黑龙江', 134), ('云南', 134), ('内蒙古', 116), ('山东', 110), ('河北', 101), ('辽宁', 50), ('福建', 45), ('陕西', 39), ('浙江', 34), ('贵州', 31), ('江苏', 29), ('湖南', 29), ('新疆', 21), ('广西', 13), ('海南', 13), ('湖北', 12), ('吉林', 11), ('上海', 11), ('青海', 7), ('天津', 6), ('江西', 6), ('甘肃', 5), ('西藏', 2), ('安徽', 1)],outside normal_2_postive -> 707, outside normal_2_positive -> [('广东', 485), ('重庆', 62), ('云南', 45), ('浙江', 20), ('北京', 19), ('山东', 16), ('四川', 10), ('黑龙江', 9), ('福建', 7), ('陕西', 6), ('河南', 5), ('甘肃', 5), ('青海', 4), ('山西', 3), ('海南', 3), ('河北', 2), ('内蒙古', 2), ('江苏', 2), ('辽宁', 1), ('贵州', 1)]
wjw_template_parser 2022-11-28 02:54:36,000  [INFO] {template_parse.py:419} dead new add size -> 0
wjw_template_parser 2022-11-28 02:54:36,000  [INFO] {template_parse.py:450} maybe new add size -> 5,outside -> 3,local -> 2
wjw_template_parser 2022-11-28 02:54:36,012  [INFO] {template_parse.py:508} cure total -> 1893,outside -> 44,local -> 1849,detail pairs -> [('广东', 823), ('重庆', 263), ('内蒙古', 235), ('北京', 117), ('河南', 78), ('四川', 78), ('山西', 54), ('云南', 33), ('陕西', 30), ('浙江', 19), ('贵州', 15), ('新疆', 13), ('江苏', 12), ('黑龙江', 11), ('福建', 11), ('甘肃', 10), ('安徽', 8), ('山东', 7), ('湖南', 7), ('河北', 6), ('上海', 4), ('湖北', 4), ('西藏', 3), ('天津', 2), ('江西', 2), ('青海', 2), ('辽宁', 1), ('海南', 1)],close obsevation -> 172634,severe illness -> -9
wjw_template_parser 2022-11-28 02:57:20,220  [INFO] {template_parse.py:157} re.compile('<li>  <a href=\\"(.*?)\\" target=\\"_blank\\" title=\\"(.*?)\\">.*?</a><span class=\\".*?\\">(.*?)</span></li>')
wjw_template_parser 2022-11-28 02:57:20,221  [INFO] {template_parse.py:162} re.compile('<li class=\\"line\\">  <a href=\\"(.*?)\\" target=\\"_blank\\" title=\\"(.*?)\\">.*?</a><span class=\\".*?\\">(.*?)</span></li>')
wjw_template_parser 2022-11-28 02:57:20,223  [INFO] {template_parse.py:167} re.compile('<script type=\\"text/javascript\\" src=\\"/xcs/xhtml/js/page\\.js\\"></script><script>window\\.onload=function\\(\\) \\{createPageHTML\\(\'page_div\',(\\d+), (\\d),\'list_gzbd\',\'shtml\',(\\d+)\\);\)
wjw_template_parser 2022-11-28 02:57:20,224  [INFO] {template_parse.py:177} re.compile('<p style=.*?><span style=.*?>(.*?)</span></p>')
wjw_template_parser 2022-11-28 02:57:20,235  [INFO] {template_parse.py:374} find total new add instance -> 3474
wjw_template_parser 2022-11-28 02:57:20,235  [INFO] {template_parse.py:362} outside instance new add all -> 69,add pairs -> [('广东', 25), ('江苏', 17), ('福建', 10), ('内蒙古', 3), ('上海', 3), ('重庆', 3), ('辽宁', 2), ('四川', 2), ('北京', 1), ('天津', 1), ('山东', 1), ('湖南', 1)],outside normal_2_postive -> 5, outside normal_2_positive -> [('北京', 1), ('内蒙古', 1), ('福建', 1), ('山东', 1), ('湖南', 1)]
wjw_template_parser 2022-11-28 02:57:20,236  [INFO] {template_parse.py:362} local instance new add all -> 3405,add pairs -> [('广东', 991), ('北京', 586), ('山西', 324), ('重庆', 199), ('河南', 186), ('四川', 159), ('黑龙江', 134), ('云南', 134), ('内蒙古', 116), ('山东', 110), ('河北', 101), ('辽宁', 50), ('福建', 45), ('陕西', 39), ('浙江', 34), ('贵州', 31), ('江苏', 29), ('湖南', 29), ('新疆', 21), ('广西', 13), ('海南', 13), ('湖北', 12), ('吉林', 11), ('上海', 11), ('青海', 7), ('天津', 6), ('江西', 6), ('甘肃', 5), ('西藏', 2), ('安徽', 1)],outside normal_2_postive -> 707, outside normal_2_positive -> [('广东', 485), ('重庆', 62), ('云南', 45), ('浙江', 20), ('北京', 19), ('山东', 16), ('四川', 10), ('黑龙江', 9), ('福建', 7), ('陕西', 6), ('河南', 5), ('甘肃', 5), ('青海', 4), ('山西', 3), ('海南', 3), ('河北', 2), ('内蒙古', 2), ('江苏', 2), ('辽宁', 1), ('贵州', 1)]
wjw_template_parser 2022-11-28 02:57:20,238  [INFO] {template_parse.py:419} dead new add size -> 0
wjw_template_parser 2022-11-28 02:57:20,245  [INFO] {template_parse.py:508} cure total -> 1893,outside -> 44,local -> 1849,detail pairs -> [('广东', 823), ('重庆', 263), ('内蒙古', 235), ('北京', 117), ('河南', 78), ('四川', 78), ('山西', 54), ('云南', 33), ('陕西', 30), ('浙江', 19), ('贵州', 15), ('新疆', 13), ('江苏', 12), ('黑龙江', 11), ('福建', 11), ('甘肃', 10), ('安徽', 8), ('山东', 7), ('湖南', 7), ('河北', 6), ('上海', 4), ('湖北', 4), ('西藏', 3), ('天津', 2), ('江西', 2), ('青海', 2), ('辽宁', 1), ('海南', 1)],close obsevation -> 172634,severe illness -> -9
wjw_template_parser 2022-11-28 03:00:07,160  [INFO] {template_parse.py:157} re.compile('<li>  <a href=\\"(.*?)\\" target=\\"_blank\\" title=\\"(.*?)\\">.*?</a><span class=\\".*?\\">(.*?)</span></li>')
wjw_template_parser 2022-11-28 03:00:07,160  [INFO] {template_parse.py:162} re.compile('<li class=\\"line\\">  <a href=\\"(.*?)\\" target=\\"_blank\\" title=\\"(.*?)\\">.*?</a><span class=\\".*?\\">(.*?)</span></li>')
wjw_template_parser 2022-11-28 03:00:07,161  [INFO] {template_parse.py:167} re.compile('<script type=\\"text/javascript\\" src=\\"/xcs/xhtml/js/page\\.js\\"></script><script>window\\.onload=function\\(\\) \\{createPageHTML\\(\'page_div\',(\\d+), (\\d),\'list_gzbd\',\'shtml\',(\\d+)\\);\)
wjw_template_parser 2022-11-28 03:00:07,162  [INFO] {template_parse.py:177} re.compile('<p style=.*?><span style=.*?>(.*?)</span></p>')
wjw_template_parser 2022-11-28 03:00:07,170  [INFO] {template_parse.py:374} find total new add instance -> 3474
wjw_template_parser 2022-11-28 03:00:07,170  [INFO] {template_parse.py:362} outside instance new add all -> 69,add pairs -> [('广东', 25), ('江苏', 17), ('福建', 10), ('内蒙古', 3), ('上海', 3), ('重庆', 3), ('辽宁', 2), ('四川', 2), ('北京', 1), ('天津', 1), ('山东', 1), ('湖南', 1)],outside normal_2_postive -> 5, outside normal_2_positive -> [('北京', 1), ('内蒙古', 1), ('福建', 1), ('山东', 1), ('湖南', 1)]
wjw_template_parser 2022-11-28 03:00:07,171  [INFO] {template_parse.py:362} local instance new add all -> 3405,add pairs -> [('广东', 991), ('北京', 586), ('山西', 324), ('重庆', 199), ('河南', 186), ('四川', 159), ('黑龙江', 134), ('云南', 134), ('内蒙古', 116), ('山东', 110), ('河北', 101), ('辽宁', 50), ('福建', 45), ('陕西', 39), ('浙江', 34), ('贵州', 31), ('江苏', 29), ('湖南', 29), ('新疆', 21), ('广西', 13), ('海南', 13), ('湖北', 12), ('吉林', 11), ('上海', 11), ('青海', 7), ('天津', 6), ('江西', 6), ('甘肃', 5), ('西藏', 2), ('安徽', 1)],outside normal_2_postive -> 707, outside normal_2_positive -> [('广东', 485), ('重庆', 62), ('云南', 45), ('浙江', 20), ('北京', 19), ('山东', 16), ('四川', 10), ('黑龙江', 9), ('福建', 7), ('陕西', 6), ('河南', 5), ('甘肃', 5), ('青海', 4), ('山西', 3), ('海南', 3), ('河北', 2), ('内蒙古', 2), ('江苏', 2), ('辽宁', 1), ('贵州', 1)]
wjw_template_parser 2022-11-28 03:00:07,173  [INFO] {template_parse.py:419} dead new add size -> 0
wjw_template_parser 2022-11-28 03:00:07,180  [INFO] {template_parse.py:508} cure total -> 1893,outside -> 44,local -> 1849,detail pairs -> [('广东', 823), ('重庆', 263), ('内蒙古', 235), ('北京', 117), ('河南', 78), ('四川', 78), ('山西', 54), ('云南', 33), ('陕西', 30), ('浙江', 19), ('贵州', 15), ('新疆', 13), ('江苏', 12), ('黑龙江', 11), ('福建', 11), ('甘肃', 10), ('安徽', 8), ('山东', 7), ('湖南', 7), ('河北', 6), ('上海', 4), ('湖北', 4), ('西藏', 3), ('天津', 2), ('江西', 2), ('青海', 2), ('辽宁', 1), ('海南', 1)],close obsevation -> 172634,severe illness -> -9
wjw_template_parser 2022-11-28 03:00:48,054  [INFO] {template_parse.py:157} re.compile('<li>  <a href=\\"(.*?)\\" target=\\"_blank\\" title=\\"(.*?)\\">.*?</a><span class=\\".*?\\">(.*?)</span></li>')
wjw_template_parser 2022-11-28 03:00:48,055  [INFO] {template_parse.py:162} re.compile('<li class=\\"line\\">  <a href=\\"(.*?)\\" target=\\"_blank\\" title=\\"(.*?)\\">.*?</a><span class=\\".*?\\">(.*?)</span></li>')
wjw_template_parser 2022-11-28 03:00:48,056  [INFO] {template_parse.py:167} re.compile('<script type=\\"text/javascript\\" src=\\"/xcs/xhtml/js/page\\.js\\"></script><script>window\\.onload=function\\(\\) \\{createPageHTML\\(\'page_div\',(\\d+), (\\d),\'list_gzbd\',\'shtml\',(\\d+)\\);\)
wjw_template_parser 2022-11-28 03:00:48,057  [INFO] {template_parse.py:177} re.compile('<p style=.*?><span style=.*?>(.*?)</span></p>')
wjw_template_parser 2022-11-28 03:00:48,067  [INFO] {template_parse.py:374} find total new add instance -> 3474
wjw_template_parser 2022-11-28 03:00:48,068  [INFO] {template_parse.py:362} outside instance new add all -> 69,add pairs -> [('广东', 25), ('江苏', 17), ('福建', 10), ('内蒙古', 3), ('上海', 3), ('重庆', 3), ('辽宁', 2), ('四川', 2), ('北京', 1), ('天津', 1), ('山东', 1), ('湖南', 1)],outside normal_2_postive -> 5, outside normal_2_positive -> [('北京', 1), ('内蒙古', 1), ('福建', 1), ('山东', 1), ('湖南', 1)]
wjw_template_parser 2022-11-28 03:00:48,068  [INFO] {template_parse.py:362} local instance new add all -> 3405,add pairs -> [('广东', 991), ('北京', 586), ('山西', 324), ('重庆', 199), ('河南', 186), ('四川', 159), ('黑龙江', 134), ('云南', 134), ('内蒙古', 116), ('山东', 110), ('河北', 101), ('辽宁', 50), ('福建', 45), ('陕西', 39), ('浙江', 34), ('贵州', 31), ('江苏', 29), ('湖南', 29), ('新疆', 21), ('广西', 13), ('海南', 13), ('湖北', 12), ('吉林', 11), ('上海', 11), ('青海', 7), ('天津', 6), ('江西', 6), ('甘肃', 5), ('西藏', 2), ('安徽', 1)],outside normal_2_postive -> 707, outside normal_2_positive -> [('广东', 485), ('重庆', 62), ('云南', 45), ('浙江', 20), ('北京', 19), ('山东', 16), ('四川', 10), ('黑龙江', 9), ('福建', 7), ('陕西', 6), ('河南', 5), ('甘肃', 5), ('青海', 4), ('山西', 3), ('海南', 3), ('河北', 2), ('内蒙古', 2), ('江苏', 2), ('辽宁', 1), ('贵州', 1)]
wjw_template_parser 2022-11-28 03:00:48,069  [INFO] {template_parse.py:419} dead new add size -> 0
wjw_template_parser 2022-11-28 03:00:48,076  [INFO] {template_parse.py:508} cure total -> 1893,outside -> 44,local -> 1849,detail pairs -> [('广东', 823), ('重庆', 263), ('内蒙古', 235), ('北京', 117), ('河南', 78), ('四川', 78), ('山西', 54), ('云南', 33), ('陕西', 30), ('浙江', 19), ('贵州', 15), ('新疆', 13), ('江苏', 12), ('黑龙江', 11), ('福建', 11), ('甘肃', 10), ('安徽', 8), ('山东', 7), ('湖南', 7), ('河北', 6), ('上海', 4), ('湖北', 4), ('西藏', 3), ('天津', 2), ('江西', 2), ('青海', 2), ('辽宁', 1), ('海南', 1)],close obsevation -> 172634,severe illness -> -9
wjw_template_parser 2022-11-28 03:02:01,382  [INFO] {template_parse.py:157} re.compile('<li>  <a href=\\"(.*?)\\" target=\\"_blank\\" title=\\"(.*?)\\">.*?</a><span class=\\".*?\\">(.*?)</span></li>')
wjw_template_parser 2022-11-28 03:02:01,383  [INFO] {template_parse.py:162} re.compile('<li class=\\"line\\">  <a href=\\"(.*?)\\" target=\\"_blank\\" title=\\"(.*?)\\">.*?</a><span class=\\".*?\\">(.*?)</span></li>')
wjw_template_parser 2022-11-28 03:02:01,385  [INFO] {template_parse.py:167} re.compile('<script type=\\"text/javascript\\" src=\\"/xcs/xhtml/js/page\\.js\\"></script><script>window\\.onload=function\\(\\) \\{createPageHTML\\(\'page_div\',(\\d+), (\\d),\'list_gzbd\',\'shtml\',(\\d+)\\);\)
wjw_template_parser 2022-11-28 03:02:01,386  [INFO] {template_parse.py:177} re.compile('<p style=.*?><span style=.*?>(.*?)</span></p>')
wjw_template_parser 2022-11-28 03:02:01,395  [INFO] {template_parse.py:374} find total new add instance -> 3474
wjw_template_parser 2022-11-28 03:02:01,396  [INFO] {template_parse.py:362} outside instance new add all -> 69,add pairs -> [('广东', 25), ('江苏', 17), ('福建', 10), ('内蒙古', 3), ('上海', 3), ('重庆', 3), ('辽宁', 2), ('四川', 2), ('北京', 1), ('天津', 1), ('山东', 1), ('湖南', 1)],outside normal_2_postive -> 5, outside normal_2_positive -> [('北京', 1), ('内蒙古', 1), ('福建', 1), ('山东', 1), ('湖南', 1)]
wjw_template_parser 2022-11-28 03:02:01,397  [INFO] {template_parse.py:362} local instance new add all -> 3405,add pairs -> [('广东', 991), ('北京', 586), ('山西', 324), ('重庆', 199), ('河南', 186), ('四川', 159), ('黑龙江', 134), ('云南', 134), ('内蒙古', 116), ('山东', 110), ('河北', 101), ('辽宁', 50), ('福建', 45), ('陕西', 39), ('浙江', 34), ('贵州', 31), ('江苏', 29), ('湖南', 29), ('新疆', 21), ('广西', 13), ('海南', 13), ('湖北', 12), ('吉林', 11), ('上海', 11), ('青海', 7), ('天津', 6), ('江西', 6), ('甘肃', 5), ('西藏', 2), ('安徽', 1)],outside normal_2_postive -> 707, outside normal_2_positive -> [('广东', 485), ('重庆', 62), ('云南', 45), ('浙江', 20), ('北京', 19), ('山东', 16), ('四川', 10), ('黑龙江', 9), ('福建', 7), ('陕西', 6), ('河南', 5), ('甘肃', 5), ('青海', 4), ('山西', 3), ('海南', 3), ('河北', 2), ('内蒙古', 2), ('江苏', 2), ('辽宁', 1), ('贵州', 1)]
wjw_template_parser 2022-11-28 03:02:01,398  [INFO] {template_parse.py:419} dead new add size -> 0
wjw_template_parser 2022-11-28 03:02:01,405  [INFO] {template_parse.py:508} cure total -> 1893,outside -> 44,local -> 1849,detail pairs -> [('广东', 823), ('重庆', 263), ('内蒙古', 235), ('北京', 117), ('河南', 78), ('四川', 78), ('山西', 54), ('云南', 33), ('陕西', 30), ('浙江', 19), ('贵州', 15), ('新疆', 13), ('江苏', 12), ('黑龙江', 11), ('福建', 11), ('甘肃', 10), ('安徽', 8), ('山东', 7), ('湖南', 7), ('河北', 6), ('上海', 4), ('湖北', 4), ('西藏', 3), ('天津', 2), ('江西', 2), ('青海', 2), ('辽宁', 1), ('海南', 1)],close obsevation -> 172634,severe illness -> -9
wjw_template_parser 2022-11-28 03:02:32,671  [INFO] {template_parse.py:157} re.compile('<li>  <a href=\\"(.*?)\\" target=\\"_blank\\" title=\\"(.*?)\\">.*?</a><span class=\\".*?\\">(.*?)</span></li>')
wjw_template_parser 2022-11-28 03:02:32,673  [INFO] {template_parse.py:162} re.compile('<li class=\\"line\\">  <a href=\\"(.*?)\\" target=\\"_blank\\" title=\\"(.*?)\\">.*?</a><span class=\\".*?\\">(.*?)</span></li>')
wjw_template_parser 2022-11-28 03:02:32,674  [INFO] {template_parse.py:167} re.compile('<script type=\\"text/javascript\\" src=\\"/xcs/xhtml/js/page\\.js\\"></script><script>window\\.onload=function\\(\\) \\{createPageHTML\\(\'page_div\',(\\d+), (\\d),\'list_gzbd\',\'shtml\',(\\d+)\\);\)
wjw_template_parser 2022-11-28 03:02:32,675  [INFO] {template_parse.py:177} re.compile('<p style=.*?><span style=.*?>(.*?)</span></p>')
wjw_template_parser 2022-11-28 03:02:32,686  [INFO] {template_parse.py:374} find total new add instance -> 3474
wjw_template_parser 2022-11-28 03:02:32,687  [INFO] {template_parse.py:362} outside instance new add all -> 69,add pairs -> [('广东', 25), ('江苏', 17), ('福建', 10), ('内蒙古', 3), ('上海', 3), ('重庆', 3), ('辽宁', 2), ('四川', 2), ('北京', 1), ('天津', 1), ('山东', 1), ('湖南', 1)],outside normal_2_postive -> 5, outside normal_2_positive -> [('北京', 1), ('内蒙古', 1), ('福建', 1), ('山东', 1), ('湖南', 1)]
wjw_template_parser 2022-11-28 03:02:32,688  [INFO] {template_parse.py:362} local instance new add all -> 3405,add pairs -> [('广东', 991), ('北京', 586), ('山西', 324), ('重庆', 199), ('河南', 186), ('四川', 159), ('黑龙江', 134), ('云南', 134), ('内蒙古', 116), ('山东', 110), ('河北', 101), ('辽宁', 50), ('福建', 45), ('陕西', 39), ('浙江', 34), ('贵州', 31), ('江苏', 29), ('湖南', 29), ('新疆', 21), ('广西', 13), ('海南', 13), ('湖北', 12), ('吉林', 11), ('上海', 11), ('青海', 7), ('天津', 6), ('江西', 6), ('甘肃', 5), ('西藏', 2), ('安徽', 1)],outside normal_2_postive -> 707, outside normal_2_positive -> [('广东', 485), ('重庆', 62), ('云南', 45), ('浙江', 20), ('北京', 19), ('山东', 16), ('四川', 10), ('黑龙江', 9), ('福建', 7), ('陕西', 6), ('河南', 5), ('甘肃', 5), ('青海', 4), ('山西', 3), ('海南', 3), ('河北', 2), ('内蒙古', 2), ('江苏', 2), ('辽宁', 1), ('贵州', 1)]
wjw_template_parser 2022-11-28 03:02:32,690  [INFO] {template_parse.py:419} dead new add size -> 0
wjw_template_parser 2022-11-28 03:02:32,702  [INFO] {template_parse.py:508} cure total -> 1893,outside -> 44,local -> 1849,detail pairs -> [('广东', 823), ('重庆', 263), ('内蒙古', 235), ('北京', 117), ('河南', 78), ('四川', 78), ('山西', 54), ('云南', 33), ('陕西', 30), ('浙江', 19), ('贵州', 15), ('新疆', 13), ('江苏', 12), ('黑龙江', 11), ('福建', 11), ('甘肃', 10), ('安徽', 8), ('山东', 7), ('湖南', 7), ('河北', 6), ('上海', 4), ('湖北', 4), ('西藏', 3), ('天津', 2), ('江西', 2), ('青海', 2), ('辽宁', 1), ('海南', 1)],close obsevation -> 172634,severe illness -> -9
wjw_template_parser 2022-11-28 03:07:01,239  [INFO] {template_parse.py:157} re.compile('<li>  <a href=\\"(.*?)\\" target=\\"_blank\\" title=\\"(.*?)\\">.*?</a><span class=\\".*?\\">(.*?)</span></li>')
wjw_template_parser 2022-11-28 03:07:01,239  [INFO] {template_parse.py:162} re.compile('<li class=\\"line\\">  <a href=\\"(.*?)\\" target=\\"_blank\\" title=\\"(.*?)\\">.*?</a><span class=\\".*?\\">(.*?)</span></li>')
wjw_template_parser 2022-11-28 03:07:01,241  [INFO] {template_parse.py:167} re.compile('<script type=\\"text/javascript\\" src=\\"/xcs/xhtml/js/page\\.js\\"></script><script>window\\.onload=function\\(\\) \\{createPageHTML\\(\'page_div\',(\\d+), (\\d),\'list_gzbd\',\'shtml\',(\\d+)\\);\)
wjw_template_parser 2022-11-28 03:07:01,241  [INFO] {template_parse.py:177} re.compile('<p style=.*?><span style=.*?>(.*?)</span></p>')
wjw_template_parser 2022-11-28 03:07:01,249  [INFO] {template_parse.py:374} find total new add instance -> 3474
wjw_template_parser 2022-11-28 03:07:01,250  [INFO] {template_parse.py:362} outside instance new add all -> 69,add pairs -> [('广东', 25), ('江苏', 17), ('福建', 10), ('内蒙古', 3), ('上海', 3), ('重庆', 3), ('辽宁', 2), ('四川', 2), ('北京', 1), ('天津', 1), ('山东', 1), ('湖南', 1)],outside normal_2_postive -> 5, outside normal_2_positive -> [('北京', 1), ('内蒙古', 1), ('福建', 1), ('山东', 1), ('湖南', 1)]
wjw_template_parser 2022-11-28 03:07:01,250  [INFO] {template_parse.py:362} local instance new add all -> 3405,add pairs -> [('广东', 991), ('北京', 586), ('山西', 324), ('重庆', 199), ('河南', 186), ('四川', 159), ('黑龙江', 134), ('云南', 134), ('内蒙古', 116), ('山东', 110), ('河北', 101), ('辽宁', 50), ('福建', 45), ('陕西', 39), ('浙江', 34), ('贵州', 31), ('江苏', 29), ('湖南', 29), ('新疆', 21), ('广西', 13), ('海南', 13), ('湖北', 12), ('吉林', 11), ('上海', 11), ('青海', 7), ('天津', 6), ('江西', 6), ('甘肃', 5), ('西藏', 2), ('安徽', 1)],outside normal_2_postive -> 707, outside normal_2_positive -> [('广东', 485), ('重庆', 62), ('云南', 45), ('浙江', 20), ('北京', 19), ('山东', 16), ('四川', 10), ('黑龙江', 9), ('福建', 7), ('陕西', 6), ('河南', 5), ('甘肃', 5), ('青海', 4), ('山西', 3), ('海南', 3), ('河北', 2), ('内蒙古', 2), ('江苏', 2), ('辽宁', 1), ('贵州', 1)]
wjw_template_parser 2022-11-28 03:07:01,252  [INFO] {template_parse.py:419} dead new add size -> 0
wjw_template_parser 2022-11-28 03:07:01,260  [INFO] {template_parse.py:508} cure total -> 1893,outside -> 44,local -> 1849,detail pairs -> [('广东', 823), ('重庆', 263), ('内蒙古', 235), ('北京', 117), ('河南', 78), ('四川', 78), ('山西', 54), ('云南', 33), ('陕西', 30), ('浙江', 19), ('贵州', 15), ('新疆', 13), ('江苏', 12), ('黑龙江', 11), ('福建', 11), ('甘肃', 10), ('安徽', 8), ('山东', 7), ('湖南', 7), ('河北', 6), ('上海', 4), ('湖北', 4), ('西藏', 3), ('天津', 2), ('江西', 2), ('青海', 2), ('辽宁', 1), ('海南', 1)],close obsevation -> 172634,severe illness -> -9
wjw_template_parser 2022-11-28 03:07:01,264  [INFO] {template_parse.py:682} 内蒙古3785例广东2314例重庆2182例新疆754例河南709例河北412例北京399例湖南340例黑龙江218例云南170例四川155例青海104例山西102例山东101例陕西99例甘肃97例湖北88例安徽81例吉林79例江苏64例宁夏53例天津50例浙江31例贵州28例辽宁22例福建22例江西13例上海9例广西9例西藏5例海南2例
wjw_template_parser 2022-11-28 03:11:08,792  [INFO] {template_parse.py:157} re.compile('<li>  <a href=\\"(.*?)\\" target=\\"_blank\\" title=\\"(.*?)\\">.*?</a><span class=\\".*?\\">(.*?)</span></li>')
wjw_template_parser 2022-11-28 03:11:08,792  [INFO] {template_parse.py:162} re.compile('<li class=\\"line\\">  <a href=\\"(.*?)\\" target=\\"_blank\\" title=\\"(.*?)\\">.*?</a><span class=\\".*?\\">(.*?)</span></li>')
wjw_template_parser 2022-11-28 03:11:08,794  [INFO] {template_parse.py:167} re.compile('<script type=\\"text/javascript\\" src=\\"/xcs/xhtml/js/page\\.js\\"></script><script>window\\.onload=function\\(\\) \\{createPageHTML\\(\'page_div\',(\\d+), (\\d),\'list_gzbd\',\'shtml\',(\\d+)\\);\)
wjw_template_parser 2022-11-28 03:11:08,794  [INFO] {template_parse.py:177} re.compile('<p style=.*?><span style=.*?>(.*?)</span></p>')
wjw_template_parser 2022-11-28 03:11:08,806  [INFO] {template_parse.py:374} find total new add instance -> 3474
wjw_template_parser 2022-11-28 03:11:08,807  [INFO] {template_parse.py:362} outside instance new add all -> 69,add pairs -> [('广东', 25), ('江苏', 17), ('福建', 10), ('内蒙古', 3), ('上海', 3), ('重庆', 3), ('辽宁', 2), ('四川', 2), ('北京', 1), ('天津', 1), ('山东', 1), ('湖南', 1)],outside normal_2_postive -> 5, outside normal_2_positive -> [('北京', 1), ('内蒙古', 1), ('福建', 1), ('山东', 1), ('湖南', 1)]
wjw_template_parser 2022-11-28 03:11:08,807  [INFO] {template_parse.py:362} local instance new add all -> 3405,add pairs -> [('广东', 991), ('北京', 586), ('山西', 324), ('重庆', 199), ('河南', 186), ('四川', 159), ('黑龙江', 134), ('云南', 134), ('内蒙古', 116), ('山东', 110), ('河北', 101), ('辽宁', 50), ('福建', 45), ('陕西', 39), ('浙江', 34), ('贵州', 31), ('江苏', 29), ('湖南', 29), ('新疆', 21), ('广西', 13), ('海南', 13), ('湖北', 12), ('吉林', 11), ('上海', 11), ('青海', 7), ('天津', 6), ('江西', 6), ('甘肃', 5), ('西藏', 2), ('安徽', 1)],outside normal_2_postive -> 707, outside normal_2_positive -> [('广东', 485), ('重庆', 62), ('云南', 45), ('浙江', 20), ('北京', 19), ('山东', 16), ('四川', 10), ('黑龙江', 9), ('福建', 7), ('陕西', 6), ('河南', 5), ('甘肃', 5), ('青海', 4), ('山西', 3), ('海南', 3), ('河北', 2), ('内蒙古', 2), ('江苏', 2), ('辽宁', 1), ('贵州', 1)]
wjw_template_parser 2022-11-28 03:11:08,809  [INFO] {template_parse.py:419} dead new add size -> 0
wjw_template_parser 2022-11-28 03:11:08,816  [INFO] {template_parse.py:508} cure total -> 1893,outside -> 44,local -> 1849,detail pairs -> [('广东', 823), ('重庆', 263), ('内蒙古', 235), ('北京', 117), ('河南', 78), ('四川', 78), ('山西', 54), ('云南', 33), ('陕西', 30), ('浙江', 19), ('贵州', 15), ('新疆', 13), ('江苏', 12), ('黑龙江', 11), ('福建', 11), ('甘肃', 10), ('安徽', 8), ('山东', 7), ('湖南', 7), ('河北', 6), ('上海', 4), ('湖北', 4), ('西藏', 3), ('天津', 2), ('江西', 2), ('青海', 2), ('辽宁', 1), ('海南', 1)],close obsevation -> 172634,severe illness -> -9
wjw_template_parser 2022-11-28 03:12:45,431  [INFO] {template_parse.py:157} re.compile('<li>  <a href=\\"(.*?)\\" target=\\"_blank\\" title=\\"(.*?)\\">.*?</a><span class=\\".*?\\">(.*?)</span></li>')
wjw_template_parser 2022-11-28 03:12:45,431  [INFO] {template_parse.py:162} re.compile('<li class=\\"line\\">  <a href=\\"(.*?)\\" target=\\"_blank\\" title=\\"(.*?)\\">.*?</a><span class=\\".*?\\">(.*?)</span></li>')
wjw_template_parser 2022-11-28 03:12:45,432  [INFO] {template_parse.py:167} re.compile('<script type=\\"text/javascript\\" src=\\"/xcs/xhtml/js/page\\.js\\"></script><script>window\\.onload=function\\(\\) \\{createPageHTML\\(\'page_div\',(\\d+), (\\d),\'list_gzbd\',\'shtml\',(\\d+)\\);\)
wjw_template_parser 2022-11-28 03:12:45,433  [INFO] {template_parse.py:177} re.compile('<p style=.*?><span style=.*?>(.*?)</span></p>')
wjw_template_parser 2022-11-28 03:12:45,442  [INFO] {template_parse.py:374} find total new add instance -> 3474
wjw_template_parser 2022-11-28 03:12:45,442  [INFO] {template_parse.py:362} outside instance new add all -> 69,add pairs -> [('广东', 25), ('江苏', 17), ('福建', 10), ('内蒙古', 3), ('上海', 3), ('重庆', 3), ('辽宁', 2), ('四川', 2), ('北京', 1), ('天津', 1), ('山东', 1), ('湖南', 1)],outside normal_2_postive -> 5, outside normal_2_positive -> [('北京', 1), ('内蒙古', 1), ('福建', 1), ('山东', 1), ('湖南', 1)]
wjw_template_parser 2022-11-28 03:12:45,442  [INFO] {template_parse.py:362} local instance new add all -> 3405,add pairs -> [('广东', 991), ('北京', 586), ('山西', 324), ('重庆', 199), ('河南', 186), ('四川', 159), ('黑龙江', 134), ('云南', 134), ('内蒙古', 116), ('山东', 110), ('河北', 101), ('辽宁', 50), ('福建', 45), ('陕西', 39), ('浙江', 34), ('贵州', 31), ('江苏', 29), ('湖南', 29), ('新疆', 21), ('广西', 13), ('海南', 13), ('湖北', 12), ('吉林', 11), ('上海', 11), ('青海', 7), ('天津', 6), ('江西', 6), ('甘肃', 5), ('西藏', 2), ('安徽', 1)],outside normal_2_postive -> 707, outside normal_2_positive -> [('广东', 485), ('重庆', 62), ('云南', 45), ('浙江', 20), ('北京', 19), ('山东', 16), ('四川', 10), ('黑龙江', 9), ('福建', 7), ('陕西', 6), ('河南', 5), ('甘肃', 5), ('青海', 4), ('山西', 3), ('海南', 3), ('河北', 2), ('内蒙古', 2), ('江苏', 2), ('辽宁', 1), ('贵州', 1)]
wjw_template_parser 2022-11-28 03:12:45,443  [INFO] {template_parse.py:419} dead new add size -> 0
wjw_template_parser 2022-11-28 03:12:45,450  [INFO] {template_parse.py:508} cure total -> 1893,outside -> 44,local -> 1849,detail pairs -> [('广东', 823), ('重庆', 263), ('内蒙古', 235), ('北京', 117), ('河南', 78), ('四川', 78), ('山西', 54), ('云南', 33), ('陕西', 30), ('浙江', 19), ('贵州', 15), ('新疆', 13), ('江苏', 12), ('黑龙江', 11), ('福建', 11), ('甘肃', 10), ('安徽', 8), ('山东', 7), ('湖南', 7), ('河北', 6), ('上海', 4), ('湖北', 4), ('西藏', 3), ('天津', 2), ('江西', 2), ('青海', 2), ('辽宁', 1), ('海南', 1)],close obsevation -> 172634,severe illness -> -9
wjw_template_parser 2022-11-28 03:14:06,164  [INFO] {template_parse.py:157} re.compile('<li>  <a href=\\"(.*?)\\" target=\\"_blank\\" title=\\"(.*?)\\">.*?</a><span class=\\".*?\\">(.*?)</span></li>')
wjw_template_parser 2022-11-28 03:14:06,166  [INFO] {template_parse.py:162} re.compile('<li class=\\"line\\">  <a href=\\"(.*?)\\" target=\\"_blank\\" title=\\"(.*?)\\">.*?</a><span class=\\".*?\\">(.*?)</span></li>')
wjw_template_parser 2022-11-28 03:14:06,168  [INFO] {template_parse.py:167} re.compile('<script type=\\"text/javascript\\" src=\\"/xcs/xhtml/js/page\\.js\\"></script><script>window\\.onload=function\\(\\) \\{createPageHTML\\(\'page_div\',(\\d+), (\\d),\'list_gzbd\',\'shtml\',(\\d+)\\);\)
wjw_template_parser 2022-11-28 03:14:06,169  [INFO] {template_parse.py:177} re.compile('<p style=.*?><span style=.*?>(.*?)</span></p>')
wjw_template_parser 2022-11-28 03:14:06,180  [INFO] {template_parse.py:374} find total new add instance -> 3474
wjw_template_parser 2022-11-28 03:14:06,181  [INFO] {template_parse.py:362} outside instance new add all -> 69,add pairs -> [('广东', 25), ('江苏', 17), ('福建', 10), ('内蒙古', 3), ('上海', 3), ('重庆', 3), ('辽宁', 2), ('四川', 2), ('北京', 1), ('天津', 1), ('山东', 1), ('湖南', 1)],outside normal_2_postive -> 5, outside normal_2_positive -> [('北京', 1), ('内蒙古', 1), ('福建', 1), ('山东', 1), ('湖南', 1)]
wjw_template_parser 2022-11-28 03:14:06,182  [INFO] {template_parse.py:362} local instance new add all -> 3405,add pairs -> [('广东', 991), ('北京', 586), ('山西', 324), ('重庆', 199), ('河南', 186), ('四川', 159), ('黑龙江', 134), ('云南', 134), ('内蒙古', 116), ('山东', 110), ('河北', 101), ('辽宁', 50), ('福建', 45), ('陕西', 39), ('浙江', 34), ('贵州', 31), ('江苏', 29), ('湖南', 29), ('新疆', 21), ('广西', 13), ('海南', 13), ('湖北', 12), ('吉林', 11), ('上海', 11), ('青海', 7), ('天津', 6), ('江西', 6), ('甘肃', 5), ('西藏', 2), ('安徽', 1)],outside normal_2_postive -> 707, outside normal_2_positive -> [('广东', 485), ('重庆', 62), ('云南', 45), ('浙江', 20), ('北京', 19), ('山东', 16), ('四川', 10), ('黑龙江', 9), ('福建', 7), ('陕西', 6), ('河南', 5), ('甘肃', 5), ('青海', 4), ('山西', 3), ('海南', 3), ('河北', 2), ('内蒙古', 2), ('江苏', 2), ('辽宁', 1), ('贵州', 1)]
wjw_template_parser 2022-11-28 03:14:06,184  [INFO] {template_parse.py:419} dead new add size -> 0
wjw_template_parser 2022-11-28 03:14:06,192  [INFO] {template_parse.py:508} cure total -> 1893,outside -> 44,local -> 1849,detail pairs -> [('广东', 823), ('重庆', 263), ('内蒙古', 235), ('北京', 117), ('河南', 78), ('四川', 78), ('山西', 54), ('云南', 33), ('陕西', 30), ('浙江', 19), ('贵州', 15), ('新疆', 13), ('江苏', 12), ('黑龙江', 11), ('福建', 11), ('甘肃', 10), ('安徽', 8), ('山东', 7), ('湖南', 7), ('河北', 6), ('上海', 4), ('湖北', 4), ('西藏', 3), ('天津', 2), ('江西', 2), ('青海', 2), ('辽宁', 1), ('海南', 1)],close obsevation -> 172634,severe illness -> -9
wjw_template_parser 2022-11-28 03:40:52,979  [INFO] {template_parse.py:157} re.compile('<li>  <a href=\\"(.*?)\\" target=\\"_blank\\" title=\\"(.*?)\\">.*?</a><span class=\\".*?\\">(.*?)</span></li>')
wjw_template_parser 2022-11-28 03:40:52,980  [INFO] {template_parse.py:162} re.compile('<li class=\\"line\\">  <a href=\\"(.*?)\\" target=\\"_blank\\" title=\\"(.*?)\\">.*?</a><span class=\\".*?\\">(.*?)</span></li>')
wjw_template_parser 2022-11-28 03:40:52,981  [INFO] {template_parse.py:167} re.compile('<script type=\\"text/javascript\\" src=\\"/xcs/xhtml/js/page\\.js\\"></script><script>window\\.onload=function\\(\\) \\{createPageHTML\\(\'page_div\',(\\d+), (\\d),\'list_gzbd\',\'shtml\',(\\d+)\\);\)
wjw_template_parser 2022-11-28 03:40:52,983  [INFO] {template_parse.py:177} re.compile('<p style=.*?><span style=.*?>(.*?)</span></p>')
wjw_template_parser 2022-11-28 03:40:52,996  [INFO] {template_parse.py:374} find total new add instance -> 3474
wjw_template_parser 2022-11-28 03:40:52,997  [INFO] {template_parse.py:362} outside instance new add all -> 69,add pairs -> [('广东', 25), ('江苏', 17), ('福建', 10), ('内蒙古', 3), ('上海', 3), ('重庆', 3), ('辽宁', 2), ('四川', 2), ('北京', 1), ('天津', 1), ('山东', 1), ('湖南', 1)],outside normal_2_postive -> 5, outside normal_2_positive -> [('北京', 1), ('内蒙古', 1), ('福建', 1), ('山东', 1), ('湖南', 1)]
wjw_template_parser 2022-11-28 03:40:52,997  [INFO] {template_parse.py:362} local instance new add all -> 3405,add pairs -> [('广东', 991), ('北京', 586), ('山西', 324), ('重庆', 199), ('河南', 186), ('四川', 159), ('黑龙江', 134), ('云南', 134), ('内蒙古', 116), ('山东', 110), ('河北', 101), ('辽宁', 50), ('福建', 45), ('陕西', 39), ('浙江', 34), ('贵州', 31), ('江苏', 29), ('湖南', 29), ('新疆', 21), ('广西', 13), ('海南', 13), ('湖北', 12), ('吉林', 11), ('上海', 11), ('青海', 7), ('天津', 6), ('江西', 6), ('甘肃', 5), ('西藏', 2), ('安徽', 1)],outside normal_2_postive -> 707, outside normal_2_positive -> [('广东', 485), ('重庆', 62), ('云南', 45), ('浙江', 20), ('北京', 19), ('山东', 16), ('四川', 10), ('黑龙江', 9), ('福建', 7), ('陕西', 6), ('河南', 5), ('甘肃', 5), ('青海', 4), ('山西', 3), ('海南', 3), ('河北', 2), ('内蒙古', 2), ('江苏', 2), ('辽宁', 1), ('贵州', 1)]
wjw_template_parser 2022-11-28 03:40:52,998  [INFO] {template_parse.py:419} dead new add size -> 0
wjw_template_parser 2022-11-28 03:40:53,008  [INFO] {template_parse.py:508} cure total -> 1893,outside -> 44,local -> 1849,detail pairs -> [('广东', 823), ('重庆', 263), ('内蒙古', 235), ('北京', 117), ('河南', 78), ('四川', 78), ('山西', 54), ('云南', 33), ('陕西', 30), ('浙江', 19), ('贵州', 15), ('新疆', 13), ('江苏', 12), ('黑龙江', 11), ('福建', 11), ('甘肃', 10), ('安徽', 8), ('山东', 7), ('湖南', 7), ('河北', 6), ('上海', 4), ('湖北', 4), ('西藏', 3), ('天津', 2), ('江西', 2), ('青海', 2), ('辽宁', 1), ('海南', 1)],close obsevation -> 172634,severe illness -> -9
